#
# A fatal error has been detected by the Java Runtime Environment:
#
#  EXCEPTION_ACCESS_VIOLATION (0xc0000005) at pc=0x00007ffd9c3b3dd6, pid=13796, tid=17604
#
# JRE version: OpenJDK Runtime Environment Corretto-11.0.16.9.1 (11.0.16.1+9) (build 11.0.16.1+9-LTS)
# Java VM: OpenJDK 64-Bit Server VM Corretto-11.0.16.9.1 (11.0.16.1+9-LTS, mixed mode, tiered, compressed oops, g1 gc, windows-amd64)
# Problematic frame:
# V  [jvm.dll+0x193dd6]
#
# No core dump will be written. Minidumps are not enabled by default on client versions of Windows
#
# If you would like to submit a bug report, please visit:
#   https://github.com/corretto/corretto-11/issues/
#

---------------  S U M M A R Y ------------

Command Line: --add-opens=java.base/java.util=ALL-UNNAMED --add-opens=java.base/java.lang=ALL-UNNAMED --add-opens=java.base/java.lang.invoke=ALL-UNNAMED --add-opens=java.base/java.util=ALL-UNNAMED --add-opens=java.prefs/java.util.prefs=ALL-UNNAMED --add-opens=java.prefs/java.util.prefs=ALL-UNNAMED --add-opens=java.base/java.nio.charset=ALL-UNNAMED --add-opens=java.base/java.net=ALL-UNNAMED --add-opens=java.base/java.util.concurrent.atomic=ALL-UNNAMED -XX:MaxMetaspaceSize=256m -XX:+HeapDumpOnOutOfMemoryError -Xms256m -Xmx512m -Dfile.encoding=windows-1252 -Duser.country=CO -Duser.language=es -Duser.variant org.gradle.launcher.daemon.bootstrap.GradleDaemon 7.1

Host: Intel(R) Core(TM) i5-6200U CPU @ 2.30GHz, 4 cores, 5G,  Windows 10 , 64 bit Build 19041 (10.0.19041.1889)
Time: Sat Oct 22 18:18:20 2022 Hora est. Pacífico, Sudamérica elapsed time: 23.689786 seconds (0d 0h 0m 23s)

---------------  T H R E A D  ---------------

Current thread (0x00000207a78fd800):  GCTaskThread "GC Thread#2" [stack: 0x0000006858c00000,0x0000006858d00000] [id=17604]

Stack: [0x0000006858c00000,0x0000006858d00000],  sp=0x0000006858cff6b8,  free space=1021k
Native frames: (J=compiled Java code, j=interpreted, Vv=VM code, C=native code)
V  [jvm.dll+0x193dd6]


siginfo: EXCEPTION_ACCESS_VIOLATION (0xc0000005), reading address 0x00000003004db058


Register to memory mapping:

RIP=0x00007ffd9c3b3dd6 jvm.dll
RAX=0x0000000000000001 is an unknown value
RBX=0x00000000e5991df8 is pointing into object: [Ljava.lang.Object; 
{0x00000000e5991dd0} - klass: 'java/lang/Object'[]
 - length: 15
RCX=
[error occurred during error reporting (printing register info), id 0xc0000005, EXCEPTION_ACCESS_VIOLATION (0xc0000005) at pc=0x00007ffd9c3b3dd6]

Registers:
RAX=0x0000000000000001, RBX=0x00000000e5991df8, RCX=0x00000000e9707a60, RDX=0x00000000e9707a60
RSP=0x0000006858cff6b8, RBP=0x00000207a9e96cf0, RSI=0x00000207a9e96cf0, RDI=0x0000000000000001
R8 =0x00000000e9707a60, R9 =0x00000003004db050, R10=0x00000000e9707a10, R11=0x00000000e5992328
R12=0x0000000000000000, R13=0x00007ffd9cadb7a0, R14=0x00000000e9707a60, R15=0x000000000000000d
RIP=0x00007ffd9c3b3dd6, EFLAGS=0x0000000000010206

Top of Stack: (sp=0x0000006858cff6b8)
0x0000006858cff6b8:   00007ffd9c528b5e 00000000e5992301
0x0000006858cff6c8:   00000000e5992328 00000000e5992310
0x0000006858cff6d8:   00000000000000a3 00000000000000a3
0x0000006858cff6e8:   0000000000020000 0000000ae5988808
0x0000006858cff6f8:   00007ffd9c501f7e 00000207a9e96cf0
0x0000006858cff708:   0000000000000040 000002078ae45440
0x0000006858cff718:   00007ffd9cadb7a0 0000000000000000
0x0000006858cff728:   000002078ae453c0 0000000000000100
0x0000006858cff738:   00007ffd9c5274b3 00000207a9e96cf0
0x0000006858cff748:   000002078ae45440 0000000000000011
0x0000006858cff758:   00000000e5991df8 0000000000000000
0x0000006858cff768:   00000000e5991df9 0000006858cff800
0x0000006858cff778:   00007ffd9c570b83 00000000e0add89c
0x0000006858cff788:   00000000e098cc00 0000000000000100
0x0000006858cff798:   0000006858cff9a8 0000006858cff980
0x0000006858cff7a8:   0000000000000005 0000000000000000 

Instructions: (pc=0x00007ffd9c3b3dd6)
0x00007ffd9c3b3cd6:   eb 04 48 8b 43 08 81 78 08 00 00 00 c0 73 7d 48
0x00007ffd9c3b3ce6:   8b 4f 38 48 8b d3 48 8b 01 ff 50 20 84 c0 75 6c
0x00007ffd9c3b3cf6:   38 05 65 a3 91 00 74 15 8b 53 08 8b 0d 11 eb 8c
0x00007ffd9c3b3d06:   00 48 d3 e2 48 03 15 ff ea 8c 00 eb 04 48 8b 53
0x00007ffd9c3b3d16:   08 48 8b cb 48 89 5c 24 20 e8 ac 00 00 00 80 7f
0x00007ffd9c3b3d26:   30 00 48 63 c8 48 89 4c 24 28 0f 28 44 24 20 74
0x00007ffd9c3b3d36:   17 0f 11 86 98 03 00 00 48 8b 5c 24 40 48 8b 74
0x00007ffd9c3b3d46:   24 48 48 83 c4 30 5f c3 48 8b 07 48 8d 54 24 20
0x00007ffd9c3b3d56:   48 8b cf 66 0f 7f 44 24 20 ff 50 38 48 8b 5c 24
0x00007ffd9c3b3d66:   40 48 8b 74 24 48 48 83 c4 30 5f c3 cc cc cc cc
0x00007ffd9c3b3d76:   cc cc cc cc cc cc cc cc cc cc 48 8b 49 38 48 8b
0x00007ffd9c3b3d86:   01 48 ff 60 28 cc cc cc cc cc 80 3d ca a2 91 00
0x00007ffd9c3b3d96:   00 48 8b c1 74 1b 8b 51 08 8b 0d 73 ea 8c 00 48
0x00007ffd9c3b3da6:   d3 e2 48 8b c8 48 03 15 5e ea 8c 00 e9 19 00 00
0x00007ffd9c3b3db6:   00 48 8b 51 08 48 8b c8 e9 0d 00 00 00 cc cc cc
0x00007ffd9c3b3dc6:   cc cc cc cc cc cc cc cc cc cc 4c 8b ca 48 8b d1
0x00007ffd9c3b3dd6:   45 8b 41 08 45 85 c0 7e 0e 41 f6 c0 01 75 56 41
0x00007ffd9c3b3de6:   c1 f8 03 41 8b c0 c3 79 4c 80 3d 6b a2 91 00 00
0x00007ffd9c3b3df6:   b8 0c 00 00 00 b9 10 00 00 00 0f 45 c8 8b 05 6b
0x00007ffd9c3b3e06:   19 8b 00 ff c8 4c 63 c8 48 63 14 11 41 8b c8 83
0x00007ffd9c3b3e16:   e1 3f 48 d3 e2 41 8b c8 48 c1 f9 10 0f b6 c1 49
0x00007ffd9c3b3e26:   8d 0c 11 49 f7 d1 48 03 c1 49 c1 e9 03 48 c1 e8
0x00007ffd9c3b3e36:   03 41 23 c1 c3 49 8b 01 49 8b c9 48 ff a0 10 01
0x00007ffd9c3b3e46:   00 00 cc cc cc cc cc cc cc cc 48 8b c2 c3 cc cc
0x00007ffd9c3b3e56:   cc cc cc cc cc cc cc cc cc cc 48 83 ec 38 48 8b
0x00007ffd9c3b3e66:   c1 48 8b 49 38 80 79 08 00 74 04 48 8b 48 38 0f
0x00007ffd9c3b3e76:   10 02 48 8d 54 24 20 0f 29 44 24 20 e8 09 f0 ff
0x00007ffd9c3b3e86:   ff 48 83 c4 38 c3 cc cc cc cc 48 83 ec 38 0f 10
0x00007ffd9c3b3e96:   02 48 8b 01 48 8d 54 24 20 0f 29 44 24 20 ff 50
0x00007ffd9c3b3ea6:   38 48 83 c4 38 c3 cc cc cc cc 48 89 5c 24 08 55
0x00007ffd9c3b3eb6:   56 57 41 54 41 55 41 56 41 57 48 8d 6c 24 e0 48
0x00007ffd9c3b3ec6:   81 ec 20 01 00 00 48 8b 05 55 72 8e 00 48 33 c4 


Stack slot to memory mapping:
stack at sp + 0 slots: 0x00007ffd9c528b5e jvm.dll
stack at sp + 1 slots: 0x00000000e5992301 is pointing into object: [B 
{0x00000000e59922d0} - klass: {type array byte}
 - length: 45
stack at sp + 2 slots: 0x00000000e5992328 is an oop: [J 
{0x00000000e5992328} - klass: {type array long}
 - length: 8
stack at sp + 3 slots: 0x00000000e5992310 is an oop: jdk.internal.jimage.ImageLocation 
{0x00000000e5992310} - klass: 'jdk/internal/jimage/ImageLocation'
stack at sp + 4 slots: 0x00000000000000a3 is an unknown value
stack at sp + 5 slots: 0x00000000000000a3 is an unknown value
stack at sp + 6 slots: 0x0000000000020000 is an unknown value
stack at sp + 7 slots: 0x0000000ae5988808 is an unknown value


---------------  P R O C E S S  ---------------

Threads class SMR info:
_java_thread_list=0x00000207a9e34b80, length=58, elements={
0x000002078ae2a800, 0x00000207a6509800, 0x00000207a6515000, 0x00000207a6532000,
0x00000207a6533000, 0x00000207a6534800, 0x00000207a653c000, 0x00000207a653d800,
0x00000207a6541800, 0x00000207a701c000, 0x00000207a882a800, 0x00000207a8920800,
0x00000207a71dd000, 0x00000207a89e4800, 0x00000207aa1dc000, 0x00000207a9fb5800,
0x00000207a9751800, 0x00000207a9a9d800, 0x00000207a7ebd800, 0x00000207a9bc4800,
0x00000207a92d8000, 0x00000207a92d6800, 0x00000207a92d7800, 0x00000207a92d5800,
0x00000207a9fcc000, 0x00000207a9fc8000, 0x00000207a9fcd000, 0x00000207a9fc7800,
0x00000207a9fce000, 0x00000207a9fcb800, 0x00000207a9fce800, 0x00000207a9fc9000,
0x00000207a9fcf800, 0x00000207a9fd0800, 0x00000207a9fca800, 0x00000207a9fd5000,
0x00000207a9fd1000, 0x00000207a9fd6000, 0x00000207a9fd3800, 0x00000207a9fd2800,
0x00000207a9fd4800, 0x00000207a9fd2000, 0x00000207acc16800, 0x00000207acc15800,
0x00000207acc1b000, 0x00000207acc18800, 0x00000207acc19800, 0x00000207acc1a800,
0x00000207acc1c000, 0x00000207acc1d000, 0x00000207acc17000, 0x00000207acc1d800,
0x00000207acc18000, 0x00000207acc24000, 0x00000207acc22800, 0x00000207acc20000,
0x00000207acc1e800, 0x00000207ae830800
}

Java Threads: ( => current thread )
  0x000002078ae2a800 JavaThread "main" [_thread_blocked, id=11736, stack(0x0000006857900000,0x0000006857a00000)]
  0x00000207a6509800 JavaThread "Reference Handler" daemon [_thread_blocked, id=4308, stack(0x0000006858000000,0x0000006858100000)]
  0x00000207a6515000 JavaThread "Finalizer" daemon [_thread_blocked, id=15512, stack(0x0000006858100000,0x0000006858200000)]
  0x00000207a6532000 JavaThread "Signal Dispatcher" daemon [_thread_blocked, id=4164, stack(0x0000006858200000,0x0000006858300000)]
  0x00000207a6533000 JavaThread "Attach Listener" daemon [_thread_blocked, id=14476, stack(0x0000006858300000,0x0000006858400000)]
  0x00000207a6534800 JavaThread "Service Thread" daemon [_thread_blocked, id=15356, stack(0x0000006858400000,0x0000006858500000)]
  0x00000207a653c000 JavaThread "C2 CompilerThread0" daemon [_thread_blocked, id=7872, stack(0x0000006858500000,0x0000006858600000)]
  0x00000207a653d800 JavaThread "C1 CompilerThread0" daemon [_thread_blocked, id=5840, stack(0x0000006858600000,0x0000006858700000)]
  0x00000207a6541800 JavaThread "Sweeper thread" daemon [_thread_blocked, id=21760, stack(0x0000006858700000,0x0000006858800000)]
  0x00000207a701c000 JavaThread "Common-Cleaner" daemon [_thread_blocked, id=7072, stack(0x0000006858800000,0x0000006858900000)]
  0x00000207a882a800 JavaThread "Daemon health stats" [_thread_blocked, id=5980, stack(0x0000006858e00000,0x0000006858f00000)]
  0x00000207a8920800 JavaThread "Incoming local TCP Connector on port 53765" [_thread_in_native, id=12464, stack(0x0000006858a00000,0x0000006858b00000)]
  0x00000207a71dd000 JavaThread "Daemon periodic checks" [_thread_blocked, id=13388, stack(0x0000006858f00000,0x0000006859000000)]
  0x00000207a89e4800 JavaThread "Daemon" [_thread_blocked, id=10620, stack(0x0000006859000000,0x0000006859100000)]
  0x00000207aa1dc000 JavaThread "Handler for socket connection from /127.0.0.1:53765 to /127.0.0.1:53766" [_thread_in_native, id=1848, stack(0x0000006859100000,0x0000006859200000)]
  0x00000207a9fb5800 JavaThread "Cancel handler" [_thread_blocked, id=10696, stack(0x0000006859200000,0x0000006859300000)]
  0x00000207a9751800 JavaThread "Daemon worker" [_thread_blocked, id=20348, stack(0x0000006859300000,0x0000006859400000)]
  0x00000207a9a9d800 JavaThread "Asynchronous log dispatcher for DefaultDaemonConnection: socket connection from /127.0.0.1:53765 to /127.0.0.1:53766" [_thread_blocked, id=13132, stack(0x0000006859400000,0x0000006859500000)]
  0x00000207a7ebd800 JavaThread "Stdin handler" [_thread_blocked, id=14288, stack(0x0000006859500000,0x0000006859600000)]
  0x00000207a9bc4800 JavaThread "Daemon client event forwarder" [_thread_blocked, id=11780, stack(0x0000006859600000,0x0000006859700000)]
  0x00000207a92d8000 JavaThread "Cache worker for journal cache (C:\Users\Jhon Osorio\.gradle\caches\journal-1)" [_thread_blocked, id=15232, stack(0x0000006859700000,0x0000006859800000)]
  0x00000207a92d6800 JavaThread "File lock request listener" [_thread_in_native, id=22184, stack(0x0000006859800000,0x0000006859900000)]
  0x00000207a92d7800 JavaThread "Cache worker for file hash cache (C:\Users\Jhon Osorio\.gradle\caches\7.1\fileHashes)" [_thread_blocked, id=12892, stack(0x0000006859900000,0x0000006859a00000)]
  0x00000207a92d5800 JavaThread "Cache worker for file hash cache (C:\Users\Jhon Osorio\IdeaProjects\cine_proyecto\.gradle\7.1\fileHashes)" [_thread_blocked, id=21336, stack(0x0000006859a00000,0x0000006859b00000)]
  0x00000207a9fcc000 JavaThread "File watcher server" daemon [_thread_in_native, id=11816, stack(0x0000006859b00000,0x0000006859c00000)]
  0x00000207a9fc8000 JavaThread "File watcher consumer" daemon [_thread_blocked, id=2956, stack(0x0000006859c00000,0x0000006859d00000)]
  0x00000207a9fcd000 JavaThread "Cache worker for checksums cache (C:\Users\Jhon Osorio\IdeaProjects\cine_proyecto\.gradle\checksums)" [_thread_blocked, id=9560, stack(0x0000006859d00000,0x0000006859e00000)]
  0x00000207a9fc7800 JavaThread "Cache worker for cache directory md-supplier (C:\Users\Jhon Osorio\.gradle\caches\7.1\md-supplier)" [_thread_blocked, id=19448, stack(0x0000006859e00000,0x0000006859f00000)]
  0x00000207a9fce000 JavaThread "Cache worker for cache directory md-rule (C:\Users\Jhon Osorio\.gradle\caches\7.1\md-rule)" [_thread_blocked, id=11444, stack(0x000000685a000000,0x000000685a100000)]
  0x00000207a9fcb800 JavaThread "Cache worker for execution history cache (C:\Users\Jhon Osorio\.gradle\caches\7.1\executionHistory)" [_thread_blocked, id=3244, stack(0x0000006859f00000,0x000000685a000000)]
  0x00000207a9fce800 JavaThread "jar transforms" [_thread_blocked, id=6640, stack(0x000000685a100000,0x000000685a200000)]
  0x00000207a9fc9000 JavaThread "jar transforms Thread 2" [_thread_blocked, id=8652, stack(0x000000685a200000,0x000000685a300000)]
  0x00000207a9fcf800 JavaThread "Cache worker for file content cache (C:\Users\Jhon Osorio\.gradle\caches\7.1\fileContent)" [_thread_blocked, id=2680, stack(0x000000685a400000,0x000000685a500000)]
  0x00000207a9fd0800 JavaThread "jar transforms Thread 3" [_thread_blocked, id=14404, stack(0x000000685a500000,0x000000685a600000)]
  0x00000207a9fca800 JavaThread "jar transforms Thread 4" [_thread_blocked, id=21560, stack(0x000000685a600000,0x000000685a700000)]
  0x00000207a9fd5000 JavaThread "Cache worker for dependencies-accessors (C:\Users\Jhon Osorio\IdeaProjects\cine_proyecto\.gradle\7.1\dependencies-accessors)" [_thread_blocked, id=7264, stack(0x000000685a700000,0x000000685a800000)]
  0x00000207a9fd1000 JavaThread "Cache worker for Build Output Cleanup Cache (C:\Users\Jhon Osorio\IdeaProjects\cine_proyecto\.gradle\buildOutputCleanup)" [_thread_blocked, id=15028, stack(0x000000685a300000,0x000000685a400000)]
  0x00000207a9fd6000 JavaThread "Unconstrained build operations" [_thread_blocked, id=10660, stack(0x000000685a900000,0x000000685aa00000)]
  0x00000207a9fd3800 JavaThread "Unconstrained build operations Thread 2" [_thread_blocked, id=19680, stack(0x000000685aa00000,0x000000685ab00000)]
  0x00000207a9fd2800 JavaThread "Unconstrained build operations Thread 3" [_thread_blocked, id=21088, stack(0x000000685ab00000,0x000000685ac00000)]
  0x00000207a9fd4800 JavaThread "Unconstrained build operations Thread 4" [_thread_blocked, id=12724, stack(0x000000685ac00000,0x000000685ad00000)]
  0x00000207a9fd2000 JavaThread "Unconstrained build operations Thread 5" [_thread_blocked, id=19412, stack(0x000000685ad00000,0x000000685ae00000)]
  0x00000207acc16800 JavaThread "Unconstrained build operations Thread 6" [_thread_blocked, id=10636, stack(0x000000685ae00000,0x000000685af00000)]
  0x00000207acc15800 JavaThread "Unconstrained build operations Thread 7" [_thread_blocked, id=8448, stack(0x000000685af00000,0x000000685b000000)]
  0x00000207acc1b000 JavaThread "Unconstrained build operations Thread 8" [_thread_blocked, id=22336, stack(0x000000685b000000,0x000000685b100000)]
  0x00000207acc18800 JavaThread "Unconstrained build operations Thread 9" [_thread_blocked, id=18360, stack(0x000000685b100000,0x000000685b200000)]
  0x00000207acc19800 JavaThread "Unconstrained build operations Thread 10" [_thread_blocked, id=17056, stack(0x000000685b200000,0x000000685b300000)]
  0x00000207acc1a800 JavaThread "Unconstrained build operations Thread 11" [_thread_blocked, id=11356, stack(0x000000685b300000,0x000000685b400000)]
  0x00000207acc1c000 JavaThread "Unconstrained build operations Thread 12" [_thread_blocked, id=15120, stack(0x000000685b400000,0x000000685b500000)]
  0x00000207acc1d000 JavaThread "Unconstrained build operations Thread 13" [_thread_blocked, id=128, stack(0x000000685b500000,0x000000685b600000)]
  0x00000207acc17000 JavaThread "Unconstrained build operations Thread 14" [_thread_blocked, id=16688, stack(0x000000685b600000,0x000000685b700000)]
  0x00000207acc1d800 JavaThread "Unconstrained build operations Thread 15" [_thread_blocked, id=9064, stack(0x000000685b700000,0x000000685b800000)]
  0x00000207acc18000 JavaThread "Unconstrained build operations Thread 16" [_thread_blocked, id=9820, stack(0x000000685b800000,0x000000685b900000)]
  0x00000207acc24000 JavaThread "Unconstrained build operations Thread 17" [_thread_blocked, id=16660, stack(0x000000685b900000,0x000000685ba00000)]
  0x00000207acc22800 JavaThread "Unconstrained build operations Thread 18" [_thread_blocked, id=15400, stack(0x000000685ba00000,0x000000685bb00000)]
  0x00000207acc20000 JavaThread "Unconstrained build operations Thread 19" [_thread_blocked, id=8720, stack(0x000000685bb00000,0x000000685bc00000)]
  0x00000207acc1e800 JavaThread "Memory manager" [_thread_blocked, id=10544, stack(0x000000685a800000,0x000000685a900000)]
  0x00000207ae830800 JavaThread "C2 CompilerThread1" daemon [_thread_blocked, id=20320, stack(0x000000685bc00000,0x000000685bd00000)]

Other Threads:
  0x00000207a6508800 VMThread "VM Thread" [stack: 0x0000006857f00000,0x0000006858000000] [id=20040]
  0x00000207a7031800 WatcherThread [stack: 0x0000006858900000,0x0000006858a00000] [id=13016]
  0x000002078ae42800 GCTaskThread "GC Thread#0" [stack: 0x0000006857a00000,0x0000006857b00000] [id=20012]
  0x00000207a7519800 GCTaskThread "GC Thread#1" [stack: 0x0000006858b00000,0x0000006858c00000] [id=20004]
=>0x00000207a78fd800 GCTaskThread "GC Thread#2" [stack: 0x0000006858c00000,0x0000006858d00000] [id=17604]
  0x00000207a78fe000 GCTaskThread "GC Thread#3" [stack: 0x0000006858d00000,0x0000006858e00000] [id=8388]
  0x000002078ae55000 ConcurrentGCThread "G1 Main Marker" [stack: 0x0000006857b00000,0x0000006857c00000] [id=11380]
  0x000002078ae56000 ConcurrentGCThread "G1 Conc#0" [stack: 0x0000006857c00000,0x0000006857d00000] [id=14432]
  0x00000207a6384800 ConcurrentGCThread "G1 Refine#0" [stack: 0x0000006857d00000,0x0000006857e00000] [id=19320]
  0x00000207a6385800 ConcurrentGCThread "G1 Young RemSet Sampling" [stack: 0x0000006857e00000,0x0000006857f00000] [id=19548]

Threads with active compile tasks:
C1 CompilerThread0    23737 4973       1       org.gradle.internal.graph.CachingDirectedGraphWalker$NodeDetails::access$500 (5 bytes)

VM state:at safepoint (normal execution)

VM Mutex/Monitor currently owned by a thread:  ([mutex/lock_event])
[0x000002078ae25ba0] Threads_lock - owner thread: 0x00000207a6508800
[0x000002078ae25f00] Heap_lock - owner thread: 0x00000207a9751800

Heap address: 0x00000000e0000000, size: 512 MB, Compressed Oops mode: 32-bit
Narrow klass base: 0x0000000000000000, Narrow klass shift: 3
Compressed class space size: 260046848 Address: 0x0000000100000000

Heap:
 garbage-first heap   total 262144K, used 171918K [0x00000000e0000000, 0x0000000100000000)
  region size 1024K, 158 young (161792K), 18 survivors (18432K)
 Metaspace       used 52718K, capacity 54257K, committed 54352K, reserved 301056K
  class space    used 6814K, capacity 7390K, committed 7424K, reserved 253952K
Heap Regions: E=young(eden), S=young(survivor), O=old, HS=humongous(starts), HC=humongous(continues), CS=collection set, F=free, A=archive, TAMS=top-at-mark-start (previous, next)
|   0|0x00000000e0000000, 0x00000000e0100000, 0x00000000e0100000|100%|HS|  |TAMS 0x00000000e0100000, 0x00000000e0000000| Complete 
|   1|0x00000000e0100000, 0x00000000e0200000, 0x00000000e0200000|100%|HC|  |TAMS 0x00000000e0200000, 0x00000000e0100000| Complete 
|   2|0x00000000e0200000, 0x00000000e0300000, 0x00000000e0300000|100%|HC|  |TAMS 0x00000000e0300000, 0x00000000e0200000| Complete 
|   3|0x00000000e0300000, 0x00000000e0400000, 0x00000000e0400000|100%| O|  |TAMS 0x00000000e0400000, 0x00000000e0300000| Untracked 
|   4|0x00000000e0400000, 0x00000000e0500000, 0x00000000e0500000|100%| O|  |TAMS 0x00000000e0500000, 0x00000000e0400000| Untracked 
|   5|0x00000000e0500000, 0x00000000e0600000, 0x00000000e0600000|100%| O|  |TAMS 0x00000000e0600000, 0x00000000e0500000| Untracked 
|   6|0x00000000e0600000, 0x00000000e0700000, 0x00000000e0700000|100%| O|  |TAMS 0x00000000e0700000, 0x00000000e0600000| Untracked 
|   7|0x00000000e0700000, 0x00000000e0800000, 0x00000000e0800000|100%| O|  |TAMS 0x00000000e0800000, 0x00000000e0700000| Untracked 
|   8|0x00000000e0800000, 0x00000000e0900000, 0x00000000e0900000|100%| O|  |TAMS 0x00000000e0900000, 0x00000000e0800000| Untracked 
|   9|0x00000000e0900000, 0x00000000e0a00000, 0x00000000e0a00000|100%| O|  |TAMS 0x00000000e0a00000, 0x00000000e0900000| Untracked 
|  10|0x00000000e0a00000, 0x00000000e0b00000, 0x00000000e0b00000|100%| O|  |TAMS 0x00000000e0b00000, 0x00000000e0a00000| Untracked 
|  11|0x00000000e0b00000, 0x00000000e0c00000, 0x00000000e0c00000|100%| O|  |TAMS 0x00000000e0c00000, 0x00000000e0b00000| Untracked 
|  12|0x00000000e0c00000, 0x00000000e0d00000, 0x00000000e0d00000|100%| O|  |TAMS 0x00000000e0d00000, 0x00000000e0c00000| Untracked 
|  13|0x00000000e0d00000, 0x00000000e0e00000, 0x00000000e0e00000|100%| O|  |TAMS 0x00000000e0e00000, 0x00000000e0d00000| Untracked 
|  14|0x00000000e0e00000, 0x00000000e0f00000, 0x00000000e0f00000|100%| O|  |TAMS 0x00000000e0f00000, 0x00000000e0e00000| Untracked 
|  15|0x00000000e0f00000, 0x00000000e1000000, 0x00000000e1000000|100%| O|  |TAMS 0x00000000e0fa6400, 0x00000000e0f00000| Untracked 
|  16|0x00000000e1000000, 0x00000000e1100000, 0x00000000e1100000|100%| O|  |TAMS 0x00000000e1000000, 0x00000000e1000000| Untracked 
|  17|0x00000000e1100000, 0x00000000e1176070, 0x00000000e1200000| 46%| O|  |TAMS 0x00000000e1100000, 0x00000000e1100000| Untracked 
|  18|0x00000000e1200000, 0x00000000e1200000, 0x00000000e1300000|  0%| F|  |TAMS 0x00000000e1200000, 0x00000000e1200000| Untracked 
|  19|0x00000000e1300000, 0x00000000e1300000, 0x00000000e1400000|  0%| F|  |TAMS 0x00000000e1300000, 0x00000000e1300000| Untracked 
|  20|0x00000000e1400000, 0x00000000e1500000, 0x00000000e1500000|100%| O|  |TAMS 0x00000000e1400000, 0x00000000e1400000| Untracked 
|  21|0x00000000e1500000, 0x00000000e1500000, 0x00000000e1600000|  0%| F|  |TAMS 0x00000000e1500000, 0x00000000e1500000| Untracked 
|  22|0x00000000e1600000, 0x00000000e1600000, 0x00000000e1700000|  0%| F|  |TAMS 0x00000000e1600000, 0x00000000e1600000| Untracked 
|  23|0x00000000e1700000, 0x00000000e1700000, 0x00000000e1800000|  0%| F|  |TAMS 0x00000000e1700000, 0x00000000e1700000| Untracked 
|  24|0x00000000e1800000, 0x00000000e1800000, 0x00000000e1900000|  0%| F|  |TAMS 0x00000000e1800000, 0x00000000e1800000| Untracked 
|  25|0x00000000e1900000, 0x00000000e1900000, 0x00000000e1a00000|  0%| F|  |TAMS 0x00000000e1900000, 0x00000000e1900000| Untracked 
|  26|0x00000000e1a00000, 0x00000000e1a00000, 0x00000000e1b00000|  0%| F|  |TAMS 0x00000000e1a00000, 0x00000000e1a00000| Untracked 
|  27|0x00000000e1b00000, 0x00000000e1b00000, 0x00000000e1c00000|  0%| F|  |TAMS 0x00000000e1b00000, 0x00000000e1b00000| Untracked 
|  28|0x00000000e1c00000, 0x00000000e1c00000, 0x00000000e1d00000|  0%| F|  |TAMS 0x00000000e1c00000, 0x00000000e1c00000| Untracked 
|  29|0x00000000e1d00000, 0x00000000e1d00000, 0x00000000e1e00000|  0%| F|  |TAMS 0x00000000e1d00000, 0x00000000e1d00000| Untracked 
|  30|0x00000000e1e00000, 0x00000000e1e00000, 0x00000000e1f00000|  0%| F|  |TAMS 0x00000000e1e00000, 0x00000000e1e00000| Untracked 
|  31|0x00000000e1f00000, 0x00000000e1f00000, 0x00000000e2000000|  0%| F|  |TAMS 0x00000000e1f00000, 0x00000000e1f00000| Untracked 
|  32|0x00000000e2000000, 0x00000000e2000000, 0x00000000e2100000|  0%| F|  |TAMS 0x00000000e2000000, 0x00000000e2000000| Untracked 
|  33|0x00000000e2100000, 0x00000000e2100000, 0x00000000e2200000|  0%| F|  |TAMS 0x00000000e2100000, 0x00000000e2100000| Untracked 
|  34|0x00000000e2200000, 0x00000000e2200000, 0x00000000e2300000|  0%| F|  |TAMS 0x00000000e2200000, 0x00000000e2200000| Untracked 
|  35|0x00000000e2300000, 0x00000000e2300000, 0x00000000e2400000|  0%| F|  |TAMS 0x00000000e2300000, 0x00000000e2300000| Untracked 
|  36|0x00000000e2400000, 0x00000000e2400000, 0x00000000e2500000|  0%| F|  |TAMS 0x00000000e2400000, 0x00000000e2400000| Untracked 
|  37|0x00000000e2500000, 0x00000000e2500000, 0x00000000e2600000|  0%| F|  |TAMS 0x00000000e2500000, 0x00000000e2500000| Untracked 
|  38|0x00000000e2600000, 0x00000000e2600000, 0x00000000e2700000|  0%| F|  |TAMS 0x00000000e2600000, 0x00000000e2600000| Untracked 
|  39|0x00000000e2700000, 0x00000000e2700000, 0x00000000e2800000|  0%| F|  |TAMS 0x00000000e2700000, 0x00000000e2700000| Untracked 
|  40|0x00000000e2800000, 0x00000000e2800000, 0x00000000e2900000|  0%| F|  |TAMS 0x00000000e2800000, 0x00000000e2800000| Untracked 
|  41|0x00000000e2900000, 0x00000000e2900000, 0x00000000e2a00000|  0%| F|  |TAMS 0x00000000e2900000, 0x00000000e2900000| Untracked 
|  42|0x00000000e2a00000, 0x00000000e2a00000, 0x00000000e2b00000|  0%| F|  |TAMS 0x00000000e2a00000, 0x00000000e2a00000| Untracked 
|  43|0x00000000e2b00000, 0x00000000e2b00000, 0x00000000e2c00000|  0%| F|  |TAMS 0x00000000e2b00000, 0x00000000e2b00000| Untracked 
|  44|0x00000000e2c00000, 0x00000000e2c00000, 0x00000000e2d00000|  0%| F|  |TAMS 0x00000000e2c00000, 0x00000000e2c00000| Untracked 
|  45|0x00000000e2d00000, 0x00000000e2d00000, 0x00000000e2e00000|  0%| F|  |TAMS 0x00000000e2d00000, 0x00000000e2d00000| Untracked 
|  46|0x00000000e2e00000, 0x00000000e2e00000, 0x00000000e2f00000|  0%| F|  |TAMS 0x00000000e2e00000, 0x00000000e2e00000| Untracked 
|  47|0x00000000e2f00000, 0x00000000e2f00000, 0x00000000e3000000|  0%| F|  |TAMS 0x00000000e2f00000, 0x00000000e2f00000| Untracked 
|  48|0x00000000e3000000, 0x00000000e3000000, 0x00000000e3100000|  0%| F|  |TAMS 0x00000000e3000000, 0x00000000e3000000| Untracked 
|  49|0x00000000e3100000, 0x00000000e3100000, 0x00000000e3200000|  0%| F|  |TAMS 0x00000000e3100000, 0x00000000e3100000| Untracked 
|  50|0x00000000e3200000, 0x00000000e3200000, 0x00000000e3300000|  0%| F|  |TAMS 0x00000000e3200000, 0x00000000e3200000| Untracked 
|  51|0x00000000e3300000, 0x00000000e3300000, 0x00000000e3400000|  0%| F|  |TAMS 0x00000000e3300000, 0x00000000e3300000| Untracked 
|  52|0x00000000e3400000, 0x00000000e3400000, 0x00000000e3500000|  0%| F|  |TAMS 0x00000000e3400000, 0x00000000e3400000| Untracked 
|  53|0x00000000e3500000, 0x00000000e3500000, 0x00000000e3600000|  0%| F|  |TAMS 0x00000000e3500000, 0x00000000e3500000| Untracked 
|  54|0x00000000e3600000, 0x00000000e3600000, 0x00000000e3700000|  0%| F|  |TAMS 0x00000000e3600000, 0x00000000e3600000| Untracked 
|  55|0x00000000e3700000, 0x00000000e3700000, 0x00000000e3800000|  0%| F|  |TAMS 0x00000000e3700000, 0x00000000e3700000| Untracked 
|  56|0x00000000e3800000, 0x00000000e3800000, 0x00000000e3900000|  0%| F|  |TAMS 0x00000000e3800000, 0x00000000e3800000| Untracked 
|  57|0x00000000e3900000, 0x00000000e3900000, 0x00000000e3a00000|  0%| F|  |TAMS 0x00000000e3900000, 0x00000000e3900000| Untracked 
|  58|0x00000000e3a00000, 0x00000000e3a00000, 0x00000000e3b00000|  0%| F|  |TAMS 0x00000000e3a00000, 0x00000000e3a00000| Untracked 
|  59|0x00000000e3b00000, 0x00000000e3b00000, 0x00000000e3c00000|  0%| F|  |TAMS 0x00000000e3b00000, 0x00000000e3b00000| Untracked 
|  60|0x00000000e3c00000, 0x00000000e3c00000, 0x00000000e3d00000|  0%| F|  |TAMS 0x00000000e3c00000, 0x00000000e3c00000| Untracked 
|  61|0x00000000e3d00000, 0x00000000e3d00000, 0x00000000e3e00000|  0%| F|  |TAMS 0x00000000e3d00000, 0x00000000e3d00000| Untracked 
|  62|0x00000000e3e00000, 0x00000000e3e00000, 0x00000000e3f00000|  0%| F|  |TAMS 0x00000000e3e00000, 0x00000000e3e00000| Untracked 
|  63|0x00000000e3f00000, 0x00000000e3f00000, 0x00000000e4000000|  0%| F|  |TAMS 0x00000000e3f00000, 0x00000000e3f00000| Untracked 
|  64|0x00000000e4000000, 0x00000000e4000000, 0x00000000e4100000|  0%| F|  |TAMS 0x00000000e4000000, 0x00000000e4000000| Untracked 
|  65|0x00000000e4100000, 0x00000000e4100000, 0x00000000e4200000|  0%| F|  |TAMS 0x00000000e4100000, 0x00000000e4100000| Untracked 
|  66|0x00000000e4200000, 0x00000000e4200000, 0x00000000e4300000|  0%| F|  |TAMS 0x00000000e4200000, 0x00000000e4200000| Untracked 
|  67|0x00000000e4300000, 0x00000000e4300000, 0x00000000e4400000|  0%| F|  |TAMS 0x00000000e4300000, 0x00000000e4300000| Untracked 
|  68|0x00000000e4400000, 0x00000000e4400000, 0x00000000e4500000|  0%| F|  |TAMS 0x00000000e4400000, 0x00000000e4400000| Untracked 
|  69|0x00000000e4500000, 0x00000000e4500000, 0x00000000e4600000|  0%| F|  |TAMS 0x00000000e4500000, 0x00000000e4500000| Untracked 
|  70|0x00000000e4600000, 0x00000000e4600000, 0x00000000e4700000|  0%| F|  |TAMS 0x00000000e4600000, 0x00000000e4600000| Untracked 
|  71|0x00000000e4700000, 0x00000000e4700000, 0x00000000e4800000|  0%| F|  |TAMS 0x00000000e4700000, 0x00000000e4700000| Untracked 
|  72|0x00000000e4800000, 0x00000000e4800000, 0x00000000e4900000|  0%| F|  |TAMS 0x00000000e4800000, 0x00000000e4800000| Untracked 
|  73|0x00000000e4900000, 0x00000000e4900000, 0x00000000e4a00000|  0%| F|  |TAMS 0x00000000e4900000, 0x00000000e4900000| Untracked 
|  74|0x00000000e4a00000, 0x00000000e4a00000, 0x00000000e4b00000|  0%| F|  |TAMS 0x00000000e4a00000, 0x00000000e4a00000| Untracked 
|  75|0x00000000e4b00000, 0x00000000e4b00000, 0x00000000e4c00000|  0%| F|  |TAMS 0x00000000e4b00000, 0x00000000e4b00000| Untracked 
|  76|0x00000000e4c00000, 0x00000000e4c00000, 0x00000000e4d00000|  0%| F|  |TAMS 0x00000000e4c00000, 0x00000000e4c00000| Untracked 
|  77|0x00000000e4d00000, 0x00000000e4d00000, 0x00000000e4e00000|  0%| F|  |TAMS 0x00000000e4d00000, 0x00000000e4d00000| Untracked 
|  78|0x00000000e4e00000, 0x00000000e4e00000, 0x00000000e4f00000|  0%| F|  |TAMS 0x00000000e4e00000, 0x00000000e4e00000| Untracked 
|  79|0x00000000e4f00000, 0x00000000e4f00000, 0x00000000e5000000|  0%| F|  |TAMS 0x00000000e4f00000, 0x00000000e4f00000| Untracked 
|  80|0x00000000e5000000, 0x00000000e5000000, 0x00000000e5100000|  0%| F|  |TAMS 0x00000000e5000000, 0x00000000e5000000| Untracked 
|  81|0x00000000e5100000, 0x00000000e5100000, 0x00000000e5200000|  0%| F|  |TAMS 0x00000000e5100000, 0x00000000e5100000| Untracked 
|  82|0x00000000e5200000, 0x00000000e5200000, 0x00000000e5300000|  0%| F|  |TAMS 0x00000000e5200000, 0x00000000e5200000| Untracked 
|  83|0x00000000e5300000, 0x00000000e5300000, 0x00000000e5400000|  0%| F|  |TAMS 0x00000000e5300000, 0x00000000e5300000| Untracked 
|  84|0x00000000e5400000, 0x00000000e5400000, 0x00000000e5500000|  0%| F|  |TAMS 0x00000000e5400000, 0x00000000e5400000| Untracked 
|  85|0x00000000e5500000, 0x00000000e5500000, 0x00000000e5600000|  0%| F|  |TAMS 0x00000000e5500000, 0x00000000e5500000| Untracked 
|  86|0x00000000e5600000, 0x00000000e56e91d0, 0x00000000e5700000| 91%| S|  |TAMS 0x00000000e5600000, 0x00000000e5600000| Complete 
|  87|0x00000000e5700000, 0x00000000e5800000, 0x00000000e5800000|100%| S|  |TAMS 0x00000000e5700000, 0x00000000e5700000| Complete 
|  88|0x00000000e5800000, 0x00000000e5900000, 0x00000000e5900000|100%| S|  |TAMS 0x00000000e5800000, 0x00000000e5800000| Complete 
|  89|0x00000000e5900000, 0x00000000e5a00000, 0x00000000e5a00000|100%| S|  |TAMS 0x00000000e5900000, 0x00000000e5900000| Complete 
|  90|0x00000000e5a00000, 0x00000000e5b00000, 0x00000000e5b00000|100%| S|  |TAMS 0x00000000e5a00000, 0x00000000e5a00000| Complete 
|  91|0x00000000e5b00000, 0x00000000e5c00000, 0x00000000e5c00000|100%| S|  |TAMS 0x00000000e5b00000, 0x00000000e5b00000| Complete 
|  92|0x00000000e5c00000, 0x00000000e5d00000, 0x00000000e5d00000|100%| S|  |TAMS 0x00000000e5c00000, 0x00000000e5c00000| Complete 
|  93|0x00000000e5d00000, 0x00000000e5e00000, 0x00000000e5e00000|100%| S|  |TAMS 0x00000000e5d00000, 0x00000000e5d00000| Complete 
|  94|0x00000000e5e00000, 0x00000000e5f00000, 0x00000000e5f00000|100%| S|  |TAMS 0x00000000e5e00000, 0x00000000e5e00000| Complete 
|  95|0x00000000e5f00000, 0x00000000e6000000, 0x00000000e6000000|100%| S|  |TAMS 0x00000000e5f00000, 0x00000000e5f00000| Complete 
|  96|0x00000000e6000000, 0x00000000e6100000, 0x00000000e6100000|100%| S|  |TAMS 0x00000000e6000000, 0x00000000e6000000| Complete 
|  97|0x00000000e6100000, 0x00000000e6200000, 0x00000000e6200000|100%| S|  |TAMS 0x00000000e6100000, 0x00000000e6100000| Complete 
|  98|0x00000000e6200000, 0x00000000e6300000, 0x00000000e6300000|100%| S|  |TAMS 0x00000000e6200000, 0x00000000e6200000| Complete 
|  99|0x00000000e6300000, 0x00000000e6400000, 0x00000000e6400000|100%| S|  |TAMS 0x00000000e6300000, 0x00000000e6300000| Complete 
| 100|0x00000000e6400000, 0x00000000e6500000, 0x00000000e6500000|100%| S|  |TAMS 0x00000000e6400000, 0x00000000e6400000| Complete 
| 101|0x00000000e6500000, 0x00000000e6600000, 0x00000000e6600000|100%| S|  |TAMS 0x00000000e6500000, 0x00000000e6500000| Complete 
| 102|0x00000000e6600000, 0x00000000e6700000, 0x00000000e6700000|100%| S|  |TAMS 0x00000000e6600000, 0x00000000e6600000| Complete 
| 103|0x00000000e6700000, 0x00000000e6800000, 0x00000000e6800000|100%| S|  |TAMS 0x00000000e6700000, 0x00000000e6700000| Complete 
| 104|0x00000000e6800000, 0x00000000e6900000, 0x00000000e6900000|100%| E|CS|TAMS 0x00000000e6800000, 0x00000000e6800000| Complete 
| 105|0x00000000e6900000, 0x00000000e6a00000, 0x00000000e6a00000|100%| E|CS|TAMS 0x00000000e6900000, 0x00000000e6900000| Complete 
| 106|0x00000000e6a00000, 0x00000000e6b00000, 0x00000000e6b00000|100%| E|CS|TAMS 0x00000000e6a00000, 0x00000000e6a00000| Complete 
| 107|0x00000000e6b00000, 0x00000000e6c00000, 0x00000000e6c00000|100%| E|CS|TAMS 0x00000000e6b00000, 0x00000000e6b00000| Complete 
| 108|0x00000000e6c00000, 0x00000000e6d00000, 0x00000000e6d00000|100%| E|CS|TAMS 0x00000000e6c00000, 0x00000000e6c00000| Complete 
| 109|0x00000000e6d00000, 0x00000000e6e00000, 0x00000000e6e00000|100%| E|CS|TAMS 0x00000000e6d00000, 0x00000000e6d00000| Complete 
| 110|0x00000000e6e00000, 0x00000000e6f00000, 0x00000000e6f00000|100%| E|CS|TAMS 0x00000000e6e00000, 0x00000000e6e00000| Complete 
| 111|0x00000000e6f00000, 0x00000000e7000000, 0x00000000e7000000|100%| E|CS|TAMS 0x00000000e6f00000, 0x00000000e6f00000| Complete 
| 112|0x00000000e7000000, 0x00000000e7100000, 0x00000000e7100000|100%| E|CS|TAMS 0x00000000e7000000, 0x00000000e7000000| Complete 
| 113|0x00000000e7100000, 0x00000000e7200000, 0x00000000e7200000|100%| E|CS|TAMS 0x00000000e7100000, 0x00000000e7100000| Complete 
| 114|0x00000000e7200000, 0x00000000e7300000, 0x00000000e7300000|100%| E|CS|TAMS 0x00000000e7200000, 0x00000000e7200000| Complete 
| 115|0x00000000e7300000, 0x00000000e7400000, 0x00000000e7400000|100%| E|CS|TAMS 0x00000000e7300000, 0x00000000e7300000| Complete 
| 116|0x00000000e7400000, 0x00000000e7500000, 0x00000000e7500000|100%| E|CS|TAMS 0x00000000e7400000, 0x00000000e7400000| Complete 
| 117|0x00000000e7500000, 0x00000000e7600000, 0x00000000e7600000|100%| E|CS|TAMS 0x00000000e7500000, 0x00000000e7500000| Complete 
| 118|0x00000000e7600000, 0x00000000e7700000, 0x00000000e7700000|100%| E|CS|TAMS 0x00000000e7600000, 0x00000000e7600000| Complete 
| 119|0x00000000e7700000, 0x00000000e7800000, 0x00000000e7800000|100%| E|CS|TAMS 0x00000000e7700000, 0x00000000e7700000| Complete 
| 120|0x00000000e7800000, 0x00000000e7900000, 0x00000000e7900000|100%| E|CS|TAMS 0x00000000e7800000, 0x00000000e7800000| Complete 
| 121|0x00000000e7900000, 0x00000000e7a00000, 0x00000000e7a00000|100%| E|CS|TAMS 0x00000000e7900000, 0x00000000e7900000| Complete 
| 122|0x00000000e7a00000, 0x00000000e7b00000, 0x00000000e7b00000|100%| E|CS|TAMS 0x00000000e7a00000, 0x00000000e7a00000| Complete 
| 123|0x00000000e7b00000, 0x00000000e7c00000, 0x00000000e7c00000|100%| E|CS|TAMS 0x00000000e7b00000, 0x00000000e7b00000| Complete 
| 124|0x00000000e7c00000, 0x00000000e7d00000, 0x00000000e7d00000|100%| E|CS|TAMS 0x00000000e7c00000, 0x00000000e7c00000| Complete 
| 125|0x00000000e7d00000, 0x00000000e7e00000, 0x00000000e7e00000|100%| E|CS|TAMS 0x00000000e7d00000, 0x00000000e7d00000| Complete 
| 126|0x00000000e7e00000, 0x00000000e7f00000, 0x00000000e7f00000|100%| E|CS|TAMS 0x00000000e7e00000, 0x00000000e7e00000| Complete 
| 127|0x00000000e7f00000, 0x00000000e8000000, 0x00000000e8000000|100%| E|CS|TAMS 0x00000000e7f00000, 0x00000000e7f00000| Complete 
| 128|0x00000000e8000000, 0x00000000e8100000, 0x00000000e8100000|100%| E|CS|TAMS 0x00000000e8000000, 0x00000000e8000000| Complete 
| 129|0x00000000e8100000, 0x00000000e8200000, 0x00000000e8200000|100%| E|CS|TAMS 0x00000000e8100000, 0x00000000e8100000| Complete 
| 130|0x00000000e8200000, 0x00000000e8300000, 0x00000000e8300000|100%| E|CS|TAMS 0x00000000e8200000, 0x00000000e8200000| Complete 
| 131|0x00000000e8300000, 0x00000000e8400000, 0x00000000e8400000|100%| E|CS|TAMS 0x00000000e8300000, 0x00000000e8300000| Complete 
| 132|0x00000000e8400000, 0x00000000e8500000, 0x00000000e8500000|100%| E|CS|TAMS 0x00000000e8400000, 0x00000000e8400000| Complete 
| 133|0x00000000e8500000, 0x00000000e8600000, 0x00000000e8600000|100%| E|CS|TAMS 0x00000000e8500000, 0x00000000e8500000| Complete 
| 134|0x00000000e8600000, 0x00000000e8700000, 0x00000000e8700000|100%| E|CS|TAMS 0x00000000e8600000, 0x00000000e8600000| Complete 
| 135|0x00000000e8700000, 0x00000000e8800000, 0x00000000e8800000|100%| E|CS|TAMS 0x00000000e8700000, 0x00000000e8700000| Complete 
| 136|0x00000000e8800000, 0x00000000e8900000, 0x00000000e8900000|100%| E|CS|TAMS 0x00000000e8800000, 0x00000000e8800000| Complete 
| 137|0x00000000e8900000, 0x00000000e8a00000, 0x00000000e8a00000|100%| E|CS|TAMS 0x00000000e8900000, 0x00000000e8900000| Complete 
| 138|0x00000000e8a00000, 0x00000000e8b00000, 0x00000000e8b00000|100%| E|CS|TAMS 0x00000000e8a00000, 0x00000000e8a00000| Complete 
| 139|0x00000000e8b00000, 0x00000000e8c00000, 0x00000000e8c00000|100%| E|CS|TAMS 0x00000000e8b00000, 0x00000000e8b00000| Complete 
| 140|0x00000000e8c00000, 0x00000000e8d00000, 0x00000000e8d00000|100%| E|CS|TAMS 0x00000000e8c00000, 0x00000000e8c00000| Complete 
| 141|0x00000000e8d00000, 0x00000000e8e00000, 0x00000000e8e00000|100%| E|CS|TAMS 0x00000000e8d00000, 0x00000000e8d00000| Complete 
| 142|0x00000000e8e00000, 0x00000000e8f00000, 0x00000000e8f00000|100%| E|CS|TAMS 0x00000000e8e00000, 0x00000000e8e00000| Complete 
| 143|0x00000000e8f00000, 0x00000000e9000000, 0x00000000e9000000|100%| E|CS|TAMS 0x00000000e8f00000, 0x00000000e8f00000| Complete 
| 144|0x00000000e9000000, 0x00000000e9100000, 0x00000000e9100000|100%| E|CS|TAMS 0x00000000e9000000, 0x00000000e9000000| Complete 
| 145|0x00000000e9100000, 0x00000000e9200000, 0x00000000e9200000|100%| E|CS|TAMS 0x00000000e9100000, 0x00000000e9100000| Complete 
| 146|0x00000000e9200000, 0x00000000e9300000, 0x00000000e9300000|100%| E|CS|TAMS 0x00000000e9200000, 0x00000000e9200000| Complete 
| 147|0x00000000e9300000, 0x00000000e9400000, 0x00000000e9400000|100%| E|CS|TAMS 0x00000000e9300000, 0x00000000e9300000| Complete 
| 148|0x00000000e9400000, 0x00000000e9500000, 0x00000000e9500000|100%| E|CS|TAMS 0x00000000e9400000, 0x00000000e9400000| Complete 
| 149|0x00000000e9500000, 0x00000000e9600000, 0x00000000e9600000|100%| E|CS|TAMS 0x00000000e9500000, 0x00000000e9500000| Complete 
| 150|0x00000000e9600000, 0x00000000e9674c88, 0x00000000e9700000| 45%| E|CS|TAMS 0x00000000e9600000, 0x00000000e9600000| Complete 
| 151|0x00000000e9700000, 0x00000000e9800000, 0x00000000e9800000|100%| E|CS|TAMS 0x00000000e9700000, 0x00000000e9700000| Complete 
| 152|0x00000000e9800000, 0x00000000e9900000, 0x00000000e9900000|100%| E|CS|TAMS 0x00000000e9800000, 0x00000000e9800000| Complete 
| 153|0x00000000e9900000, 0x00000000e9a00000, 0x00000000e9a00000|100%| E|CS|TAMS 0x00000000e9900000, 0x00000000e9900000| Complete 
| 154|0x00000000e9a00000, 0x00000000e9b00000, 0x00000000e9b00000|100%| E|CS|TAMS 0x00000000e9a00000, 0x00000000e9a00000| Complete 
| 155|0x00000000e9b00000, 0x00000000e9c00000, 0x00000000e9c00000|100%| E|CS|TAMS 0x00000000e9b00000, 0x00000000e9b00000| Complete 
| 156|0x00000000e9c00000, 0x00000000e9d00000, 0x00000000e9d00000|100%| E|CS|TAMS 0x00000000e9c00000, 0x00000000e9c00000| Complete 
| 157|0x00000000e9d00000, 0x00000000e9e00000, 0x00000000e9e00000|100%| E|CS|TAMS 0x00000000e9d00000, 0x00000000e9d00000| Complete 
| 158|0x00000000e9e00000, 0x00000000e9f00000, 0x00000000e9f00000|100%| E|CS|TAMS 0x00000000e9e00000, 0x00000000e9e00000| Complete 
| 159|0x00000000e9f00000, 0x00000000ea000000, 0x00000000ea000000|100%| E|CS|TAMS 0x00000000e9f00000, 0x00000000e9f00000| Complete 
| 160|0x00000000ea000000, 0x00000000ea100000, 0x00000000ea100000|100%| E|CS|TAMS 0x00000000ea000000, 0x00000000ea000000| Complete 
| 161|0x00000000ea100000, 0x00000000ea200000, 0x00000000ea200000|100%| E|CS|TAMS 0x00000000ea100000, 0x00000000ea100000| Complete 
| 162|0x00000000ea200000, 0x00000000ea300000, 0x00000000ea300000|100%| E|CS|TAMS 0x00000000ea200000, 0x00000000ea200000| Complete 
| 163|0x00000000ea300000, 0x00000000ea400000, 0x00000000ea400000|100%| E|CS|TAMS 0x00000000ea300000, 0x00000000ea300000| Complete 
| 164|0x00000000ea400000, 0x00000000ea500000, 0x00000000ea500000|100%| E|CS|TAMS 0x00000000ea400000, 0x00000000ea400000| Complete 
| 165|0x00000000ea500000, 0x00000000ea600000, 0x00000000ea600000|100%| E|CS|TAMS 0x00000000ea500000, 0x00000000ea500000| Complete 
| 166|0x00000000ea600000, 0x00000000ea700000, 0x00000000ea700000|100%| E|CS|TAMS 0x00000000ea600000, 0x00000000ea600000| Complete 
| 167|0x00000000ea700000, 0x00000000ea800000, 0x00000000ea800000|100%| E|CS|TAMS 0x00000000ea700000, 0x00000000ea700000| Complete 
| 168|0x00000000ea800000, 0x00000000ea900000, 0x00000000ea900000|100%| E|CS|TAMS 0x00000000ea800000, 0x00000000ea800000| Complete 
| 169|0x00000000ea900000, 0x00000000eaa00000, 0x00000000eaa00000|100%| E|CS|TAMS 0x00000000ea900000, 0x00000000ea900000| Complete 
| 170|0x00000000eaa00000, 0x00000000eab00000, 0x00000000eab00000|100%| E|CS|TAMS 0x00000000eaa00000, 0x00000000eaa00000| Complete 
| 171|0x00000000eab00000, 0x00000000eac00000, 0x00000000eac00000|100%| E|CS|TAMS 0x00000000eab00000, 0x00000000eab00000| Complete 
| 172|0x00000000eac00000, 0x00000000ead00000, 0x00000000ead00000|100%| E|CS|TAMS 0x00000000eac00000, 0x00000000eac00000| Complete 
| 173|0x00000000ead00000, 0x00000000eae00000, 0x00000000eae00000|100%| E|CS|TAMS 0x00000000ead00000, 0x00000000ead00000| Complete 
| 174|0x00000000eae00000, 0x00000000eaf00000, 0x00000000eaf00000|100%| E|CS|TAMS 0x00000000eae00000, 0x00000000eae00000| Complete 
| 175|0x00000000eaf00000, 0x00000000eb000000, 0x00000000eb000000|100%| E|CS|TAMS 0x00000000eaf00000, 0x00000000eaf00000| Complete 
| 176|0x00000000eb000000, 0x00000000eb100000, 0x00000000eb100000|100%| E|CS|TAMS 0x00000000eb000000, 0x00000000eb000000| Complete 
| 177|0x00000000eb100000, 0x00000000eb200000, 0x00000000eb200000|100%| E|CS|TAMS 0x00000000eb100000, 0x00000000eb100000| Complete 
| 178|0x00000000eb200000, 0x00000000eb300000, 0x00000000eb300000|100%| E|CS|TAMS 0x00000000eb200000, 0x00000000eb200000| Complete 
| 179|0x00000000eb300000, 0x00000000eb400000, 0x00000000eb400000|100%| E|CS|TAMS 0x00000000eb300000, 0x00000000eb300000| Complete 
| 180|0x00000000eb400000, 0x00000000eb500000, 0x00000000eb500000|100%| E|CS|TAMS 0x00000000eb400000, 0x00000000eb400000| Complete 
| 181|0x00000000eb500000, 0x00000000eb600000, 0x00000000eb600000|100%| E|CS|TAMS 0x00000000eb500000, 0x00000000eb500000| Complete 
| 182|0x00000000eb600000, 0x00000000eb700000, 0x00000000eb700000|100%| E|CS|TAMS 0x00000000eb600000, 0x00000000eb600000| Complete 
| 183|0x00000000eb700000, 0x00000000eb800000, 0x00000000eb800000|100%| E|CS|TAMS 0x00000000eb700000, 0x00000000eb700000| Complete 
| 184|0x00000000eb800000, 0x00000000eb900000, 0x00000000eb900000|100%| E|CS|TAMS 0x00000000eb800000, 0x00000000eb800000| Complete 
| 185|0x00000000eb900000, 0x00000000eba00000, 0x00000000eba00000|100%| E|CS|TAMS 0x00000000eb900000, 0x00000000eb900000| Complete 
| 186|0x00000000eba00000, 0x00000000ebb00000, 0x00000000ebb00000|100%| E|CS|TAMS 0x00000000eba00000, 0x00000000eba00000| Complete 
| 187|0x00000000ebb00000, 0x00000000ebc00000, 0x00000000ebc00000|100%| E|CS|TAMS 0x00000000ebb00000, 0x00000000ebb00000| Complete 
| 188|0x00000000ebc00000, 0x00000000ebd00000, 0x00000000ebd00000|100%| E|CS|TAMS 0x00000000ebc00000, 0x00000000ebc00000| Complete 
| 189|0x00000000ebd00000, 0x00000000ebe00000, 0x00000000ebe00000|100%| E|CS|TAMS 0x00000000ebd00000, 0x00000000ebd00000| Complete 
| 190|0x00000000ebe00000, 0x00000000ebf00000, 0x00000000ebf00000|100%| E|CS|TAMS 0x00000000ebe00000, 0x00000000ebe00000| Complete 
| 191|0x00000000ebf00000, 0x00000000ec000000, 0x00000000ec000000|100%| E|CS|TAMS 0x00000000ebf00000, 0x00000000ebf00000| Complete 
| 192|0x00000000ec000000, 0x00000000ec100000, 0x00000000ec100000|100%| E|CS|TAMS 0x00000000ec000000, 0x00000000ec000000| Complete 
| 193|0x00000000ec100000, 0x00000000ec200000, 0x00000000ec200000|100%| E|CS|TAMS 0x00000000ec100000, 0x00000000ec100000| Complete 
| 194|0x00000000ec200000, 0x00000000ec300000, 0x00000000ec300000|100%| E|CS|TAMS 0x00000000ec200000, 0x00000000ec200000| Complete 
| 195|0x00000000ec300000, 0x00000000ec400000, 0x00000000ec400000|100%| E|CS|TAMS 0x00000000ec300000, 0x00000000ec300000| Complete 
| 196|0x00000000ec400000, 0x00000000ec500000, 0x00000000ec500000|100%| E|CS|TAMS 0x00000000ec400000, 0x00000000ec400000| Complete 
| 197|0x00000000ec500000, 0x00000000ec600000, 0x00000000ec600000|100%| E|CS|TAMS 0x00000000ec500000, 0x00000000ec500000| Complete 
| 198|0x00000000ec600000, 0x00000000ec700000, 0x00000000ec700000|100%| E|CS|TAMS 0x00000000ec600000, 0x00000000ec600000| Complete 
| 199|0x00000000ec700000, 0x00000000ec800000, 0x00000000ec800000|100%| E|CS|TAMS 0x00000000ec700000, 0x00000000ec700000| Complete 
| 200|0x00000000ec800000, 0x00000000ec900000, 0x00000000ec900000|100%| E|CS|TAMS 0x00000000ec800000, 0x00000000ec800000| Complete 
| 201|0x00000000ec900000, 0x00000000eca00000, 0x00000000eca00000|100%| E|CS|TAMS 0x00000000ec900000, 0x00000000ec900000| Complete 
| 202|0x00000000eca00000, 0x00000000ecb00000, 0x00000000ecb00000|100%| E|CS|TAMS 0x00000000eca00000, 0x00000000eca00000| Complete 
| 203|0x00000000ecb00000, 0x00000000ecc00000, 0x00000000ecc00000|100%| E|CS|TAMS 0x00000000ecb00000, 0x00000000ecb00000| Complete 
| 204|0x00000000ecc00000, 0x00000000ecd00000, 0x00000000ecd00000|100%| E|CS|TAMS 0x00000000ecc00000, 0x00000000ecc00000| Complete 
| 205|0x00000000ecd00000, 0x00000000ece00000, 0x00000000ece00000|100%| E|CS|TAMS 0x00000000ecd00000, 0x00000000ecd00000| Complete 
| 206|0x00000000ece00000, 0x00000000ecf00000, 0x00000000ecf00000|100%| E|CS|TAMS 0x00000000ece00000, 0x00000000ece00000| Complete 
| 207|0x00000000ecf00000, 0x00000000ed000000, 0x00000000ed000000|100%| E|CS|TAMS 0x00000000ecf00000, 0x00000000ecf00000| Complete 
| 208|0x00000000ed000000, 0x00000000ed100000, 0x00000000ed100000|100%| E|CS|TAMS 0x00000000ed000000, 0x00000000ed000000| Complete 
| 209|0x00000000ed100000, 0x00000000ed200000, 0x00000000ed200000|100%| E|CS|TAMS 0x00000000ed100000, 0x00000000ed100000| Complete 
| 210|0x00000000ed200000, 0x00000000ed300000, 0x00000000ed300000|100%| E|CS|TAMS 0x00000000ed200000, 0x00000000ed200000| Complete 
| 211|0x00000000ed300000, 0x00000000ed400000, 0x00000000ed400000|100%| E|CS|TAMS 0x00000000ed300000, 0x00000000ed300000| Complete 
| 212|0x00000000ed400000, 0x00000000ed500000, 0x00000000ed500000|100%| E|CS|TAMS 0x00000000ed400000, 0x00000000ed400000| Complete 
| 213|0x00000000ed500000, 0x00000000ed600000, 0x00000000ed600000|100%| E|CS|TAMS 0x00000000ed500000, 0x00000000ed500000| Complete 
| 214|0x00000000ed600000, 0x00000000ed700000, 0x00000000ed700000|100%| E|CS|TAMS 0x00000000ed600000, 0x00000000ed600000| Complete 
| 215|0x00000000ed700000, 0x00000000ed800000, 0x00000000ed800000|100%| E|CS|TAMS 0x00000000ed700000, 0x00000000ed700000| Complete 
| 216|0x00000000ed800000, 0x00000000ed900000, 0x00000000ed900000|100%| E|CS|TAMS 0x00000000ed800000, 0x00000000ed800000| Complete 
| 217|0x00000000ed900000, 0x00000000eda00000, 0x00000000eda00000|100%| E|CS|TAMS 0x00000000ed900000, 0x00000000ed900000| Complete 
| 218|0x00000000eda00000, 0x00000000edb00000, 0x00000000edb00000|100%| E|CS|TAMS 0x00000000eda00000, 0x00000000eda00000| Complete 
| 219|0x00000000edb00000, 0x00000000edc00000, 0x00000000edc00000|100%| E|CS|TAMS 0x00000000edb00000, 0x00000000edb00000| Complete 
| 220|0x00000000edc00000, 0x00000000edd00000, 0x00000000edd00000|100%| E|CS|TAMS 0x00000000edc00000, 0x00000000edc00000| Complete 
| 221|0x00000000edd00000, 0x00000000ede00000, 0x00000000ede00000|100%| E|CS|TAMS 0x00000000edd00000, 0x00000000edd00000| Complete 
| 222|0x00000000ede00000, 0x00000000edf00000, 0x00000000edf00000|100%| E|CS|TAMS 0x00000000ede00000, 0x00000000ede00000| Complete 
| 223|0x00000000edf00000, 0x00000000ee000000, 0x00000000ee000000|100%| E|CS|TAMS 0x00000000edf00000, 0x00000000edf00000| Complete 
| 224|0x00000000ee000000, 0x00000000ee100000, 0x00000000ee100000|100%| E|CS|TAMS 0x00000000ee000000, 0x00000000ee000000| Complete 
| 225|0x00000000ee100000, 0x00000000ee200000, 0x00000000ee200000|100%| E|CS|TAMS 0x00000000ee100000, 0x00000000ee100000| Complete 
| 226|0x00000000ee200000, 0x00000000ee300000, 0x00000000ee300000|100%| E|CS|TAMS 0x00000000ee200000, 0x00000000ee200000| Complete 
| 227|0x00000000ee300000, 0x00000000ee400000, 0x00000000ee400000|100%| E|CS|TAMS 0x00000000ee300000, 0x00000000ee300000| Complete 
| 228|0x00000000ee400000, 0x00000000ee500000, 0x00000000ee500000|100%| E|CS|TAMS 0x00000000ee400000, 0x00000000ee400000| Complete 
| 229|0x00000000ee500000, 0x00000000ee600000, 0x00000000ee600000|100%| E|CS|TAMS 0x00000000ee500000, 0x00000000ee500000| Complete 
| 230|0x00000000ee600000, 0x00000000ee700000, 0x00000000ee700000|100%| E|CS|TAMS 0x00000000ee600000, 0x00000000ee600000| Complete 
| 231|0x00000000ee700000, 0x00000000ee800000, 0x00000000ee800000|100%| E|CS|TAMS 0x00000000ee700000, 0x00000000ee700000| Complete 
| 232|0x00000000ee800000, 0x00000000ee900000, 0x00000000ee900000|100%| E|CS|TAMS 0x00000000ee800000, 0x00000000ee800000| Complete 
| 233|0x00000000ee900000, 0x00000000eea00000, 0x00000000eea00000|100%| E|CS|TAMS 0x00000000ee900000, 0x00000000ee900000| Complete 
| 234|0x00000000eea00000, 0x00000000eeb00000, 0x00000000eeb00000|100%| E|CS|TAMS 0x00000000eea00000, 0x00000000eea00000| Complete 
| 235|0x00000000eeb00000, 0x00000000eec00000, 0x00000000eec00000|100%| E|CS|TAMS 0x00000000eeb00000, 0x00000000eeb00000| Complete 
| 236|0x00000000eec00000, 0x00000000eed00000, 0x00000000eed00000|100%| E|CS|TAMS 0x00000000eec00000, 0x00000000eec00000| Complete 
| 237|0x00000000eed00000, 0x00000000eee00000, 0x00000000eee00000|100%| E|CS|TAMS 0x00000000eed00000, 0x00000000eed00000| Complete 
| 238|0x00000000eee00000, 0x00000000eef00000, 0x00000000eef00000|100%| E|CS|TAMS 0x00000000eee00000, 0x00000000eee00000| Complete 
| 239|0x00000000eef00000, 0x00000000ef000000, 0x00000000ef000000|100%| E|CS|TAMS 0x00000000eef00000, 0x00000000eef00000| Complete 
| 240|0x00000000ef000000, 0x00000000ef100000, 0x00000000ef100000|100%| E|CS|TAMS 0x00000000ef000000, 0x00000000ef000000| Complete 
| 241|0x00000000ef100000, 0x00000000ef200000, 0x00000000ef200000|100%| E|CS|TAMS 0x00000000ef100000, 0x00000000ef100000| Complete 
| 242|0x00000000ef200000, 0x00000000ef300000, 0x00000000ef300000|100%| E|CS|TAMS 0x00000000ef200000, 0x00000000ef200000| Complete 
| 243|0x00000000ef300000, 0x00000000ef400000, 0x00000000ef400000|100%| E|CS|TAMS 0x00000000ef300000, 0x00000000ef300000| Complete 
| 244|0x00000000ef400000, 0x00000000ef500000, 0x00000000ef500000|100%| E|CS|TAMS 0x00000000ef400000, 0x00000000ef400000| Complete 
| 245|0x00000000ef500000, 0x00000000ef600000, 0x00000000ef600000|100%| E|CS|TAMS 0x00000000ef500000, 0x00000000ef500000| Complete 
| 246|0x00000000ef600000, 0x00000000ef700000, 0x00000000ef700000|100%| E|CS|TAMS 0x00000000ef600000, 0x00000000ef600000| Complete 
| 247|0x00000000ef700000, 0x00000000ef800000, 0x00000000ef800000|100%| E|CS|TAMS 0x00000000ef700000, 0x00000000ef700000| Complete 
| 248|0x00000000ef800000, 0x00000000ef900000, 0x00000000ef900000|100%| E|CS|TAMS 0x00000000ef800000, 0x00000000ef800000| Complete 
| 249|0x00000000ef900000, 0x00000000efa00000, 0x00000000efa00000|100%| E|CS|TAMS 0x00000000ef900000, 0x00000000ef900000| Complete 
| 250|0x00000000efa00000, 0x00000000efb00000, 0x00000000efb00000|100%| E|CS|TAMS 0x00000000efa00000, 0x00000000efa00000| Complete 
| 251|0x00000000efb00000, 0x00000000efc00000, 0x00000000efc00000|100%| E|CS|TAMS 0x00000000efb00000, 0x00000000efb00000| Complete 
| 252|0x00000000efc00000, 0x00000000efd00000, 0x00000000efd00000|100%| E|CS|TAMS 0x00000000efc00000, 0x00000000efc00000| Complete 
| 253|0x00000000efd00000, 0x00000000efe00000, 0x00000000efe00000|100%| E|CS|TAMS 0x00000000efd00000, 0x00000000efd00000| Complete 
| 254|0x00000000efe00000, 0x00000000eff00000, 0x00000000eff00000|100%| E|CS|TAMS 0x00000000efe00000, 0x00000000efe00000| Complete 
| 255|0x00000000eff00000, 0x00000000f0000000, 0x00000000f0000000|100%| E|CS|TAMS 0x00000000eff00000, 0x00000000eff00000| Complete 

Card table byte_map: [0x00000207a2cf0000,0x00000207a2df0000] _byte_map_base: 0x00000207a25f0000

Marking Bits (Prev, Next): (CMBitMap*) 0x000002078ae52408, (CMBitMap*) 0x000002078ae52440
 Prev Bits: [0x00000207a2ef0000, 0x00000207a36f0000)
 Next Bits: [0x00000207a36f0000, 0x00000207a3ef0000)

Polling page: 0x0000020793590000

Metaspace:

Usage:
  Non-class:     45.77 MB capacity,    44.83 MB ( 98%) used,   812.33 KB (  2%) free+waste,   150.06 KB ( <1%) overhead. 
      Class:      7.22 MB capacity,     6.65 MB ( 92%) used,   503.08 KB (  7%) free+waste,    72.56 KB ( <1%) overhead. 
       Both:     52.99 MB capacity,    51.48 MB ( 97%) used,     1.28 MB (  2%) free+waste,   222.63 KB ( <1%) overhead. 

Virtual space:
  Non-class space:       46.00 MB reserved,      45.83 MB (>99%) committed 
      Class space:      248.00 MB reserved,       7.25 MB (  3%) committed 
             Both:      294.00 MB reserved,      53.08 MB ( 18%) committed 

Chunk freelists:
   Non-Class:  0 bytes
       Class:  2.00 KB
        Both:  2.00 KB

MaxMetaspaceSize: 256.00 MB
CompressedClassSpaceSize: 248.00 MB
Initial GC threshold: 20.80 MB
Current GC threshold: 58.88 MB
CDS: off

CodeHeap 'non-profiled nmethods': size=120064Kb used=3023Kb max_used=3023Kb free=117040Kb
 bounds [0x000002079b070000, 0x000002079b370000, 0x00000207a25b0000]
CodeHeap 'profiled nmethods': size=120000Kb used=10613Kb max_used=10613Kb free=109386Kb
 bounds [0x0000020793b40000, 0x00000207945a0000, 0x000002079b070000]
CodeHeap 'non-nmethods': size=5696Kb used=2297Kb max_used=2361Kb free=3398Kb
 bounds [0x00000207935b0000, 0x0000020793820000, 0x0000020793b40000]
 total_blobs=5763 nmethods=4962 adapters=713
 compilation: enabled
              stopped_count=0, restarted_count=0
 full_count=0

Compilation events (20 events):
Event: 23.440 Thread 0x00000207ae830800 nmethod 4917 0x000002079b35e010 code [0x000002079b35e1c0, 0x000002079b360158]
Event: 23.440 Thread 0x00000207a653c000 4964       4       java.util.HashMap::computeIfAbsent (330 bytes)
Event: 23.440 Thread 0x00000207ae830800 4950       4       java.lang.reflect.Executable::getGenericParameterTypes (20 bytes)
Event: 23.450 Thread 0x00000207ae830800 nmethod 4950 0x000002079b360810 code [0x000002079b3609e0, 0x000002079b361078]
Event: 23.462 Thread 0x00000207a653d800 4966       3       org.gradle.tooling.internal.provider.runner.SubtreeFilteringBuildOperationListener::started (118 bytes)
Event: 23.462 Thread 0x00000207a653c000 nmethod 4964 0x000002079b361410 code [0x000002079b361620, 0x000002079b3622e8]
Event: 23.463 Thread 0x00000207a653d800 nmethod 4966 0x000002079459b890 code [0x000002079459bb40, 0x000002079459c788]
Event: 23.463 Thread 0x00000207ae830800 4967       4       java.util.ArrayList::toArray (57 bytes)
Event: 23.463 Thread 0x00000207a653c000 4968       4       java.util.LinkedHashMap::get (33 bytes)
Event: 23.469 Thread 0x00000207a653d800 4970       3       org.apache.commons.lang.text.StrBuilder::ensureCapacity (39 bytes)
Event: 23.470 Thread 0x00000207a653d800 nmethod 4970 0x000002079459cb10 code [0x000002079459cce0, 0x000002079459cf68]
Event: 23.470 Thread 0x00000207a653d800 4971       1       org.gradle.internal.graph.CachingDirectedGraphWalker$NodeDetails::access$300 (5 bytes)
Event: 23.470 Thread 0x00000207a653d800 nmethod 4971 0x000002079b362a10 code [0x000002079b362bc0, 0x000002079b362c58]
Event: 23.470 Thread 0x00000207ae830800 nmethod 4967 0x000002079b362d10 code [0x000002079b362ec0, 0x000002079b3632f8]
Event: 23.471 Thread 0x00000207ae830800 4969       4       jdk.internal.misc.SharedSecrets::getJavaLangAccess (4 bytes)
Event: 23.471 Thread 0x00000207a653c000 nmethod 4968 0x000002079b363490 code [0x000002079b363660, 0x000002079b363978]
Event: 23.471 Thread 0x00000207ae830800 nmethod 4969 0x000002079b363c90 code [0x000002079b363e20, 0x000002079b363e78]
Event: 23.473 Thread 0x00000207a653d800 4972       3       com.google.common.collect.Iterators$9::next (25 bytes)
Event: 23.473 Thread 0x00000207a653d800 nmethod 4972 0x000002079459d090 code [0x000002079459d260, 0x000002079459d468]
Event: 23.473 Thread 0x00000207a653d800 4973       1       org.gradle.internal.graph.CachingDirectedGraphWalker$NodeDetails::access$500 (5 bytes)

GC Heap History (17 events):
Event: 1.698 GC heap before
{Heap before GC invocations=0 (full 0):
 garbage-first heap   total 262144K, used 16384K [0x00000000e0000000, 0x0000000100000000)
  region size 1024K, 14 young (14336K), 0 survivors (0K)
 Metaspace       used 6803K, capacity 6987K, committed 7168K, reserved 262144K
  class space    used 573K, capacity 649K, committed 768K, reserved 253952K
}
Event: 1.710 GC heap after
{Heap after GC invocations=1 (full 0):
 garbage-first heap   total 262144K, used 4364K [0x00000000e0000000, 0x0000000100000000)
  region size 1024K, 2 young (2048K), 2 survivors (2048K)
 Metaspace       used 6803K, capacity 6987K, committed 7168K, reserved 262144K
  class space    used 573K, capacity 649K, committed 768K, reserved 253952K
}
Event: 2.516 GC heap before
{Heap before GC invocations=1 (full 0):
 garbage-first heap   total 262144K, used 18700K [0x00000000e0000000, 0x0000000100000000)
  region size 1024K, 13 young (13312K), 2 survivors (2048K)
 Metaspace       used 10232K, capacity 10550K, committed 10624K, reserved 264192K
  class space    used 1043K, capacity 1139K, committed 1152K, reserved 253952K
}
Event: 2.521 GC heap after
{Heap after GC invocations=2 (full 0):
 garbage-first heap   total 262144K, used 9369K [0x00000000e0000000, 0x0000000100000000)
  region size 1024K, 2 young (2048K), 2 survivors (2048K)
 Metaspace       used 10232K, capacity 10550K, committed 10624K, reserved 264192K
  class space    used 1043K, capacity 1139K, committed 1152K, reserved 253952K
}
Event: 3.252 GC heap before
{Heap before GC invocations=2 (full 0):
 garbage-first heap   total 262144K, used 39065K [0x00000000e0000000, 0x0000000100000000)
  region size 1024K, 30 young (30720K), 2 survivors (2048K)
 Metaspace       used 11242K, capacity 11567K, committed 11776K, reserved 266240K
  class space    used 1144K, capacity 1243K, committed 1280K, reserved 253952K
}
Event: 3.257 GC heap after
{Heap after GC invocations=3 (full 0):
 garbage-first heap   total 262144K, used 13124K [0x00000000e0000000, 0x0000000100000000)
  region size 1024K, 4 young (4096K), 4 survivors (4096K)
 Metaspace       used 11242K, capacity 11567K, committed 11776K, reserved 266240K
  class space    used 1144K, capacity 1243K, committed 1280K, reserved 253952K
}
Event: 6.938 GC heap before
{Heap before GC invocations=3 (full 0):
 garbage-first heap   total 262144K, used 54084K [0x00000000e0000000, 0x0000000100000000)
  region size 1024K, 44 young (45056K), 4 survivors (4096K)
 Metaspace       used 17794K, capacity 18246K, committed 18432K, reserved 270336K
  class space    used 2081K, capacity 2218K, committed 2304K, reserved 253952K
}
Event: 6.946 GC heap after
{Heap after GC invocations=4 (full 0):
 garbage-first heap   total 262144K, used 16211K [0x00000000e0000000, 0x0000000100000000)
  region size 1024K, 6 young (6144K), 6 survivors (6144K)
 Metaspace       used 17794K, capacity 18246K, committed 18432K, reserved 270336K
  class space    used 2081K, capacity 2218K, committed 2304K, reserved 253952K
}
Event: 8.301 GC heap before
{Heap before GC invocations=4 (full 0):
 garbage-first heap   total 262144K, used 38739K [0x00000000e0000000, 0x0000000100000000)
  region size 1024K, 29 young (29696K), 6 survivors (6144K)
 Metaspace       used 20698K, capacity 21201K, committed 21296K, reserved 274432K
  class space    used 2502K, capacity 2675K, committed 2688K, reserved 253952K
}
Event: 8.308 GC heap after
{Heap after GC invocations=5 (full 0):
 garbage-first heap   total 262144K, used 17009K [0x00000000e0000000, 0x0000000100000000)
  region size 1024K, 4 young (4096K), 4 survivors (4096K)
 Metaspace       used 20698K, capacity 21201K, committed 21296K, reserved 274432K
  class space    used 2502K, capacity 2675K, committed 2688K, reserved 253952K
}
Event: 11.200 GC heap before
{Heap before GC invocations=6 (full 0):
 garbage-first heap   total 262144K, used 74353K [0x00000000e0000000, 0x0000000100000000)
  region size 1024K, 61 young (62464K), 4 survivors (4096K)
 Metaspace       used 26196K, capacity 26800K, committed 26928K, reserved 278528K
  class space    used 3385K, capacity 3588K, committed 3712K, reserved 253952K
}
Event: 11.215 GC heap after
{Heap after GC invocations=7 (full 0):
 garbage-first heap   total 262144K, used 19225K [0x00000000e0000000, 0x0000000100000000)
  region size 1024K, 6 young (6144K), 6 survivors (6144K)
 Metaspace       used 26196K, capacity 26800K, committed 26928K, reserved 278528K
  class space    used 3385K, capacity 3588K, committed 3712K, reserved 253952K
}
Event: 13.924 GC heap before
{Heap before GC invocations=7 (full 0):
 garbage-first heap   total 262144K, used 72473K [0x00000000e0000000, 0x0000000100000000)
  region size 1024K, 59 young (60416K), 6 survivors (6144K)
 Metaspace       used 35007K, capacity 35753K, committed 35920K, reserved 286720K
  class space    used 4496K, capacity 4788K, committed 4864K, reserved 253952K
}
Event: 13.939 GC heap after
{Heap after GC invocations=8 (full 0):
 garbage-first heap   total 262144K, used 22910K [0x00000000e0000000, 0x0000000100000000)
  region size 1024K, 7 young (7168K), 7 survivors (7168K)
 Metaspace       used 35007K, capacity 35753K, committed 35920K, reserved 286720K
  class space    used 4496K, capacity 4788K, committed 4864K, reserved 253952K
}
Event: 17.842 GC heap before
{Heap before GC invocations=9 (full 0):
 garbage-first heap   total 262144K, used 115070K [0x00000000e0000000, 0x0000000100000000)
  region size 1024K, 94 young (96256K), 7 survivors (7168K)
 Metaspace       used 43046K, capacity 44022K, committed 44240K, reserved 292864K
  class space    used 5387K, capacity 5719K, committed 5760K, reserved 253952K
}
Event: 17.861 GC heap after
{Heap after GC invocations=10 (full 0):
 garbage-first heap   total 262144K, used 28558K [0x00000000e0000000, 0x0000000100000000)
  region size 1024K, 12 young (12288K), 12 survivors (12288K)
 Metaspace       used 43046K, capacity 44022K, committed 44240K, reserved 292864K
  class space    used 5387K, capacity 5719K, committed 5760K, reserved 253952K
}
Event: 23.474 GC heap before
{Heap before GC invocations=10 (full 0):
 garbage-first heap   total 262144K, used 171918K [0x00000000e0000000, 0x0000000100000000)
  region size 1024K, 152 young (155648K), 12 survivors (12288K)
 Metaspace       used 52718K, capacity 54257K, committed 54352K, reserved 301056K
  class space    used 6814K, capacity 7390K, committed 7424K, reserved 253952K
}

Deoptimization events (20 events):
Event: 23.074 Thread 0x00000207a9751800 Uncommon trap: trap_request=0xffffffde fr.pc=0x000002079b33dd04 relative=0x00000000000003a4
Event: 23.074 Thread 0x00000207a9751800 Uncommon trap: reason=class_check action=maybe_recompile pc=0x000002079b33dd04 method=java.util.Spliterators$IteratorSpliterator.tryAdvance(Ljava/util/function/Consumer;)Z @ 68 c2
Event: 23.074 Thread 0x00000207a9751800 DEOPT PACKING pc=0x000002079b33dd04 sp=0x00000068593f9410
Event: 23.074 Thread 0x00000207a9751800 DEOPT UNPACKING pc=0x00000207935fa1af sp=0x00000068593f93a8 mode 2
Event: 23.124 Thread 0x00000207a9751800 Uncommon trap: trap_request=0xffffff4d fr.pc=0x000002079b2f5c88 relative=0x0000000000000708
Event: 23.124 Thread 0x00000207a9751800 Uncommon trap: reason=unstable_if action=reinterpret pc=0x000002079b2f5c88 method=java.util.HashMap.putVal(ILjava/lang/Object;Ljava/lang/Object;ZZ)Ljava/lang/Object; @ 109 c2
Event: 23.124 Thread 0x00000207a9751800 DEOPT PACKING pc=0x000002079b2f5c88 sp=0x00000068593f9050
Event: 23.124 Thread 0x00000207a9751800 DEOPT UNPACKING pc=0x00000207935fa1af sp=0x00000068593f8f68 mode 2
Event: 23.124 Thread 0x00000207a9751800 Uncommon trap: trap_request=0xffffff4d fr.pc=0x000002079b28328c relative=0x000000000000068c
Event: 23.124 Thread 0x00000207a9751800 Uncommon trap: reason=unstable_if action=reinterpret pc=0x000002079b28328c method=java.util.HashMap.putVal(ILjava/lang/Object;Ljava/lang/Object;ZZ)Ljava/lang/Object; @ 109 c2
Event: 23.124 Thread 0x00000207a9751800 DEOPT PACKING pc=0x000002079b28328c sp=0x00000068593f8fa0
Event: 23.124 Thread 0x00000207a9751800 DEOPT UNPACKING pc=0x00000207935fa1af sp=0x00000068593f8f58 mode 2
Event: 23.433 Thread 0x00000207a9751800 Uncommon trap: trap_request=0xffffffde fr.pc=0x000002079b33dd04 relative=0x00000000000003a4
Event: 23.433 Thread 0x00000207a9751800 Uncommon trap: reason=class_check action=maybe_recompile pc=0x000002079b33dd04 method=java.util.Spliterators$IteratorSpliterator.tryAdvance(Ljava/util/function/Consumer;)Z @ 68 c2
Event: 23.433 Thread 0x00000207a9751800 DEOPT PACKING pc=0x000002079b33dd04 sp=0x00000068593f93b0
Event: 23.433 Thread 0x00000207a9751800 DEOPT UNPACKING pc=0x00000207935fa1af sp=0x00000068593f9348 mode 2
Event: 23.433 Thread 0x00000207a9751800 Uncommon trap: trap_request=0xffffffde fr.pc=0x000002079b33dd04 relative=0x00000000000003a4
Event: 23.433 Thread 0x00000207a9751800 Uncommon trap: reason=class_check action=maybe_recompile pc=0x000002079b33dd04 method=java.util.Spliterators$IteratorSpliterator.tryAdvance(Ljava/util/function/Consumer;)Z @ 68 c2
Event: 23.433 Thread 0x00000207a9751800 DEOPT PACKING pc=0x000002079b33dd04 sp=0x00000068593f93b0
Event: 23.433 Thread 0x00000207a9751800 DEOPT UNPACKING pc=0x00000207935fa1af sp=0x00000068593f9348 mode 2

Classes redefined (0 events):
No events

Internal exceptions (20 events):
Event: 22.668 Thread 0x00000207a9751800 Exception <a 'java/lang/ClassNotFoundException'{0x00000000e8449c70}: org/gradle/api/plugins/BasePluginConventionCustomizer> (0x00000000e8449c70) thrown at [./src/hotspot/share/classfile/systemDictionary.cpp, line 230]
Event: 22.670 Thread 0x00000207a9751800 Exception <a 'java/lang/ClassNotFoundException'{0x00000000e848b978}: org/gradle/api/plugins/internal/DefaultBasePluginConventionCustomizer> (0x00000000e848b978) thrown at [./src/hotspot/share/classfile/systemDictionary.cpp, line 230]
Event: 22.676 Thread 0x00000207a9751800 Exception <a 'java/lang/ClassNotFoundException'{0x00000000e84fec00}: org/gradle/api/plugins/internal/DefaultJavaPluginConventionBeanInfo> (0x00000000e84fec00) thrown at [./src/hotspot/share/classfile/systemDictionary.cpp, line 230]
Event: 22.677 Thread 0x00000207a9751800 Exception <a 'java/lang/ClassNotFoundException'{0x00000000e83304b0}: org/gradle/api/plugins/JavaPluginConventionBeanInfo> (0x00000000e83304b0) thrown at [./src/hotspot/share/classfile/systemDictionary.cpp, line 230]
Event: 22.679 Thread 0x00000207a9751800 Exception <a 'java/lang/ClassNotFoundException'{0x00000000e8361aa8}: org/gradle/api/plugins/JavaPluginConventionCustomizer> (0x00000000e8361aa8) thrown at [./src/hotspot/share/classfile/systemDictionary.cpp, line 230]
Event: 22.682 Thread 0x00000207a9751800 Exception <a 'java/lang/ClassNotFoundException'{0x00000000e83ad3f8}: org/gradle/api/plugins/internal/DefaultJavaPluginConventionCustomizer> (0x00000000e83ad3f8) thrown at [./src/hotspot/share/classfile/systemDictionary.cpp, line 230]
Event: 22.809 Thread 0x00000207a9751800 Exception <a 'java/lang/ClassNotFoundException'{0x00000000e7b66788}: org/gradle/api/tasks/testing/Test_DecoratedBeanInfo> (0x00000000e7b66788) thrown at [./src/hotspot/share/classfile/systemDictionary.cpp, line 230]
Event: 22.810 Thread 0x00000207a9751800 Exception <a 'java/lang/ClassNotFoundException'{0x00000000e7b94f48}: org/gradle/api/tasks/testing/TestBeanInfo> (0x00000000e7b94f48) thrown at [./src/hotspot/share/classfile/systemDictionary.cpp, line 230]
Event: 22.812 Thread 0x00000207a9751800 Exception <a 'java/lang/ClassNotFoundException'{0x00000000e7bc8a30}: org/gradle/api/tasks/testing/AbstractTestTaskBeanInfo> (0x00000000e7bc8a30) thrown at [./src/hotspot/share/classfile/systemDictionary.cpp, line 230]
Event: 22.813 Thread 0x00000207a9751800 Exception <a 'java/lang/ClassNotFoundException'{0x00000000e7bef458}: org/gradle/api/internal/ConventionTaskBeanInfo> (0x00000000e7bef458) thrown at [./src/hotspot/share/classfile/systemDictionary.cpp, line 230]
Event: 22.814 Thread 0x00000207a9751800 Exception <a 'java/lang/ClassNotFoundException'{0x00000000e7a13798}: org/gradle/api/DefaultTaskBeanInfo> (0x00000000e7a13798) thrown at [./src/hotspot/share/classfile/systemDictionary.cpp, line 230]
Event: 22.815 Thread 0x00000207a9751800 Exception <a 'java/lang/ClassNotFoundException'{0x00000000e7a3ace0}: org/gradle/api/internal/AbstractTaskBeanInfo> (0x00000000e7a3ace0) thrown at [./src/hotspot/share/classfile/systemDictionary.cpp, line 230]
Event: 22.816 Thread 0x00000207a9751800 Exception <a 'java/lang/ClassNotFoundException'{0x00000000e7a62178}: org/gradle/api/internal/AbstractTaskCustomizer> (0x00000000e7a62178) thrown at [./src/hotspot/share/classfile/systemDictionary.cpp, line 230]
Event: 22.820 Thread 0x00000207a9751800 Exception <a 'java/lang/ClassNotFoundException'{0x00000000e7acea50}: org/gradle/api/DefaultTaskCustomizer> (0x00000000e7acea50) thrown at [./src/hotspot/share/classfile/systemDictionary.cpp, line 230]
Event: 22.825 Thread 0x00000207a9751800 Exception <a 'java/lang/ClassNotFoundException'{0x00000000e794a318}: org/gradle/api/internal/ConventionTaskCustomizer> (0x00000000e794a318) thrown at [./src/hotspot/share/classfile/systemDictionary.cpp, line 230]
Event: 22.827 Thread 0x00000207a9751800 Exception <a 'java/lang/ClassNotFoundException'{0x00000000e798d140}: org/gradle/api/tasks/testing/AbstractTestTaskCustomizer> (0x00000000e798d140) thrown at [./src/hotspot/share/classfile/systemDictionary.cpp, line 230]
Event: 22.830 Thread 0x00000207a9751800 Exception <a 'java/lang/ClassNotFoundException'{0x00000000e79db7b0}: org/gradle/api/tasks/testing/TestCustomizer> (0x00000000e79db7b0) thrown at [./src/hotspot/share/classfile/systemDictionary.cpp, line 230]
Event: 22.854 Thread 0x00000207a9751800 Exception <a 'java/lang/ClassNotFoundException'{0x00000000e78ad188}: org/gradle/api/tasks/testing/Test_DecoratedCustomizer> (0x00000000e78ad188) thrown at [./src/hotspot/share/classfile/systemDictionary.cpp, line 230]
Event: 22.944 Thread 0x00000207a9751800 Exception <a 'java/lang/NoSuchMethodError'{0x00000000e756f9f8}: 'int java.lang.invoke.DirectMethodHandle$Holder.invokeInterface(java.lang.Object, java.lang.Object, java.lang.Object, java.lang.Object)'> (0x00000000e756f9f8) thrown at [./src/hotspot/share/interpreter/linkResolver.cpp, line 773]
Event: 23.150 Thread 0x00000207a9751800 Exception <a 'java/lang/NoSuchMethodError'{0x00000000e6e52e10}: 'java.lang.Object java.lang.invoke.Invokers$Holder.linkToTargetMethod(java.lang.Object, int, java.lang.Object)'> (0x00000000e6e52e10) thrown at [./src/hotspot/share/interpreter/linkResolver.cpp, line 773]

Events (20 events):
Event: 23.466 loading class org/gradle/api/internal/provider/ValueSupplier$TaskProducer done
Event: 23.468 loading class org/gradle/api/internal/tasks/WorkDependencyResolver$1
Event: 23.468 loading class org/gradle/api/internal/tasks/WorkDependencyResolver$1 done
Event: 23.468 loading class org/gradle/api/Action
Event: 23.468 loading class org/gradle/api/Action done
Event: 23.468 loading class org/gradle/api/Task
Event: 23.468 loading class org/gradle/api/Task done
Event: 23.468 loading class org/gradle/execution/plan/TaskNodeDependencyResolver
Event: 23.468 loading class org/gradle/execution/plan/TaskNodeDependencyResolver done
Event: 23.470 loading class org/gradle/api/internal/file/FileCollectionBackedFileTree
Event: 23.470 loading class org/gradle/api/internal/file/FileCollectionBackedFileTree done
Event: 23.471 loading class org/gradle/api/internal/file/FilteredFileTree
Event: 23.471 loading class org/gradle/api/internal/file/FilteredFileTree done
Event: 23.472 loading class org/gradle/api/tasks/util/PatternFilterable
Event: 23.472 loading class org/gradle/api/tasks/util/PatternFilterable done
Event: 23.472 loading class org/gradle/api/tasks/util/PatternSet
Event: 23.472 loading class org/gradle/api/tasks/util/PatternSet done
Event: 23.472 loading class org/gradle/api/internal/file/FileCollectionBackedFileTree
Event: 23.472 loading class org/gradle/api/internal/file/FileCollectionBackedFileTree done
Event: 23.473 Executing VM operation: G1CollectForAllocation


Dynamic libraries:
0x00007ff6828d0000 - 0x00007ff6828dd000 	C:\Users\Jhon Osorio\.jdks\corretto-11.0.16.1\bin\java.exe
0x00007ffdf04f0000 - 0x00007ffdf06e8000 	C:\WINDOWS\SYSTEM32\ntdll.dll
0x00007ffdeef10000 - 0x00007ffdeefcd000 	C:\WINDOWS\System32\KERNEL32.DLL
0x00007ffdedc80000 - 0x00007ffdedf52000 	C:\WINDOWS\System32\KERNELBASE.dll
0x00007ffdee1f0000 - 0x00007ffdee2f0000 	C:\WINDOWS\System32\ucrtbase.dll
0x00007ffdc7ba0000 - 0x00007ffdc7bb7000 	C:\Users\Jhon Osorio\.jdks\corretto-11.0.16.1\bin\jli.dll
0x00007ffdc9790000 - 0x00007ffdc97a9000 	C:\Users\Jhon Osorio\.jdks\corretto-11.0.16.1\bin\VCRUNTIME140.dll
0x00007ffdee580000 - 0x00007ffdee71d000 	C:\WINDOWS\System32\USER32.dll
0x00007ffdedc50000 - 0x00007ffdedc72000 	C:\WINDOWS\System32\win32u.dll
0x00007ffde5010000 - 0x00007ffde52aa000 	C:\WINDOWS\WinSxS\amd64_microsoft.windows.common-controls_6595b64144ccf1df_6.0.19041.1110_none_60b5254171f9507e\COMCTL32.dll
0x00007ffdf0260000 - 0x00007ffdf028b000 	C:\WINDOWS\System32\GDI32.dll
0x00007ffdf0290000 - 0x00007ffdf032e000 	C:\WINDOWS\System32\msvcrt.dll
0x00007ffdee390000 - 0x00007ffdee49f000 	C:\WINDOWS\System32\gdi32full.dll
0x00007ffdee2f0000 - 0x00007ffdee38d000 	C:\WINDOWS\System32\msvcp_win.dll
0x00007ffdee550000 - 0x00007ffdee580000 	C:\WINDOWS\System32\IMM32.DLL
0x00007ffdace00000 - 0x00007ffdace9b000 	C:\Users\Jhon Osorio\.jdks\corretto-11.0.16.1\bin\msvcp140.dll
0x00007ffd9c220000 - 0x00007ffd9cda4000 	C:\Users\Jhon Osorio\.jdks\corretto-11.0.16.1\bin\server\jvm.dll
0x00007ffdef8c0000 - 0x00007ffdef96e000 	C:\WINDOWS\System32\ADVAPI32.dll
0x00007ffdee720000 - 0x00007ffdee7bc000 	C:\WINDOWS\System32\sechost.dll
0x00007ffdeefe0000 - 0x00007ffdef105000 	C:\WINDOWS\System32\RPCRT4.dll
0x00007ffdee870000 - 0x00007ffdee878000 	C:\WINDOWS\System32\PSAPI.DLL
0x00007ffde6330000 - 0x00007ffde6357000 	C:\WINDOWS\SYSTEM32\WINMM.dll
0x00007ffdec2f0000 - 0x00007ffdec2f9000 	C:\WINDOWS\SYSTEM32\WSOCK32.dll
0x00007ffde9150000 - 0x00007ffde915a000 	C:\WINDOWS\SYSTEM32\VERSION.dll
0x00007ffdefe10000 - 0x00007ffdefe7b000 	C:\WINDOWS\System32\WS2_32.dll
0x00007ffdec460000 - 0x00007ffdec472000 	C:\WINDOWS\SYSTEM32\kernel.appcore.dll
0x00007ffdd9710000 - 0x00007ffdd9720000 	C:\Users\Jhon Osorio\.jdks\corretto-11.0.16.1\bin\verify.dll
0x00007ffdeb940000 - 0x00007ffdebb24000 	C:\WINDOWS\SYSTEM32\DBGHELP.DLL
0x00007ffdd9130000 - 0x00007ffdd915c000 	C:\WINDOWS\SYSTEM32\dbgcore.DLL
0x00007ffdedf60000 - 0x00007ffdedfe2000 	C:\WINDOWS\System32\bcryptPrimitives.dll
0x00007ffdc6e80000 - 0x00007ffdc6ea8000 	C:\Users\Jhon Osorio\.jdks\corretto-11.0.16.1\bin\java.dll
0x00007ffdd2c30000 - 0x00007ffdd2c3a000 	C:\Users\Jhon Osorio\.jdks\corretto-11.0.16.1\bin\jimage.dll
0x00007ffdc6da0000 - 0x00007ffdc6db8000 	C:\Users\Jhon Osorio\.jdks\corretto-11.0.16.1\bin\zip.dll
0x00007ffdef110000 - 0x00007ffdef853000 	C:\WINDOWS\System32\SHELL32.dll
0x00007ffdebb30000 - 0x00007ffdec2c1000 	C:\WINDOWS\SYSTEM32\windows.storage.dll
0x00007ffdeff00000 - 0x00007ffdf0254000 	C:\WINDOWS\System32\combase.dll
0x00007ffded510000 - 0x00007ffded540000 	C:\WINDOWS\SYSTEM32\Wldp.dll
0x00007ffdef970000 - 0x00007ffdefa1d000 	C:\WINDOWS\System32\SHCORE.dll
0x00007ffdef860000 - 0x00007ffdef8b5000 	C:\WINDOWS\System32\shlwapi.dll
0x00007ffdedb40000 - 0x00007ffdedb5f000 	C:\WINDOWS\SYSTEM32\profapi.dll
0x00007ffde7900000 - 0x00007ffde7919000 	C:\Users\Jhon Osorio\.jdks\corretto-11.0.16.1\bin\net.dll
0x00007ffde4290000 - 0x00007ffde439d000 	C:\WINDOWS\SYSTEM32\WINHTTP.dll
0x00007ffded280000 - 0x00007ffded2ea000 	C:\WINDOWS\system32\mswsock.dll
0x00007ffdc6d80000 - 0x00007ffdc6d93000 	C:\Users\Jhon Osorio\.jdks\corretto-11.0.16.1\bin\nio.dll
0x00007ffdca870000 - 0x00007ffdca897000 	C:\Users\Jhon Osorio\.gradle\native\8bec1ad78214c89d9ad589b4d07fe93259594b29d510b10fafb7a158f7737e5d\windows-amd64\native-platform.dll
0x00007ffda3c40000 - 0x00007ffda3d7d000 	C:\Users\Jhon Osorio\.gradle\native\53dbd7edfb1c66fb8903c78663c9afc45aea4f116125fa6feffd364cf09443e8\windows-amd64\native-platform-file-events.dll
0x00007ffde9ea0000 - 0x00007ffde9ea9000 	C:\Users\Jhon Osorio\.jdks\corretto-11.0.16.1\bin\management.dll
0x00007ffdd99d0000 - 0x00007ffdd99db000 	C:\Users\Jhon Osorio\.jdks\corretto-11.0.16.1\bin\management_ext.dll
0x00007ffded720000 - 0x00007ffded738000 	C:\WINDOWS\SYSTEM32\CRYPTSP.dll
0x00007ffdecbc0000 - 0x00007ffdecbf4000 	C:\WINDOWS\system32\rsaenh.dll
0x00007ffdee150000 - 0x00007ffdee177000 	C:\WINDOWS\System32\bcrypt.dll
0x00007ffdedb00000 - 0x00007ffdedb2e000 	C:\WINDOWS\SYSTEM32\USERENV.dll
0x00007ffded410000 - 0x00007ffded41c000 	C:\WINDOWS\SYSTEM32\CRYPTBASE.dll
0x00007ffdecf90000 - 0x00007ffdecfcb000 	C:\WINDOWS\SYSTEM32\IPHLPAPI.DLL
0x00007ffdeefd0000 - 0x00007ffdeefd8000 	C:\WINDOWS\System32\NSI.dll
0x00007ffde6990000 - 0x00007ffde69a7000 	C:\WINDOWS\SYSTEM32\dhcpcsvc6.DLL
0x00007ffde6920000 - 0x00007ffde693d000 	C:\WINDOWS\SYSTEM32\dhcpcsvc.DLL
0x00007ffded020000 - 0x00007ffded0ea000 	C:\WINDOWS\SYSTEM32\DNSAPI.dll

dbghelp: loaded successfully - version: 4.0.5 - missing functions: none
symbol engine: initialized successfully - sym options: 0x614 - pdb path: .;C:\Users\Jhon Osorio\.jdks\corretto-11.0.16.1\bin;C:\WINDOWS\SYSTEM32;C:\WINDOWS\WinSxS\amd64_microsoft.windows.common-controls_6595b64144ccf1df_6.0.19041.1110_none_60b5254171f9507e;C:\Users\Jhon Osorio\.jdks\corretto-11.0.16.1\bin\server;C:\Users\Jhon Osorio\.gradle\native\8bec1ad78214c89d9ad589b4d07fe93259594b29d510b10fafb7a158f7737e5d\windows-amd64;C:\Users\Jhon Osorio\.gradle\native\53dbd7edfb1c66fb8903c78663c9afc45aea4f116125fa6feffd364cf09443e8\windows-amd64

VM Arguments:
jvm_args: --add-opens=java.base/java.util=ALL-UNNAMED --add-opens=java.base/java.lang=ALL-UNNAMED --add-opens=java.base/java.lang.invoke=ALL-UNNAMED --add-opens=java.base/java.util=ALL-UNNAMED --add-opens=java.prefs/java.util.prefs=ALL-UNNAMED --add-opens=java.prefs/java.util.prefs=ALL-UNNAMED --add-opens=java.base/java.nio.charset=ALL-UNNAMED --add-opens=java.base/java.net=ALL-UNNAMED --add-opens=java.base/java.util.concurrent.atomic=ALL-UNNAMED -XX:MaxMetaspaceSize=256m -XX:+HeapDumpOnOutOfMemoryError -Xms256m -Xmx512m -Dfile.encoding=windows-1252 -Duser.country=CO -Duser.language=es -Duser.variant 
java_command: org.gradle.launcher.daemon.bootstrap.GradleDaemon 7.1
java_class_path (initial): C:\Users\Jhon Osorio\.gradle\wrapper\dists\gradle-7.1-bin\4pslxx9lrxt5svtz5wbnb6tkz\gradle-7.1\lib\gradle-launcher-7.1.jar
Launcher Type: SUN_STANDARD

[Global flags]
     intx CICompilerCount                          = 3                                         {product} {ergonomic}
   size_t CompressedClassSpaceSize                 = 260046848                                 {product} {ergonomic}
     uint ConcGCThreads                            = 1                                         {product} {ergonomic}
     uint G1ConcRefinementThreads                  = 4                                         {product} {ergonomic}
   size_t G1HeapRegionSize                         = 1048576                                   {product} {ergonomic}
    uintx GCDrainStackTargetSize                   = 64                                        {product} {ergonomic}
     bool HeapDumpOnOutOfMemoryError               = true                                   {manageable} {command line}
   size_t InitialHeapSize                          = 268435456                                 {product} {command line}
   size_t MarkStackSize                            = 4194304                                   {product} {ergonomic}
   size_t MaxHeapSize                              = 536870912                                 {product} {command line}
   size_t MaxMetaspaceSize                         = 268435456                                 {product} {command line}
   size_t MaxNewSize                               = 321912832                                 {product} {ergonomic}
   size_t MinHeapDeltaBytes                        = 1048576                                   {product} {ergonomic}
    uintx NonNMethodCodeHeapSize                   = 5830732                                {pd product} {ergonomic}
    uintx NonProfiledCodeHeapSize                  = 122913754                              {pd product} {ergonomic}
    uintx ProfiledCodeHeapSize                     = 122913754                              {pd product} {ergonomic}
    uintx ReservedCodeCacheSize                    = 251658240                              {pd product} {ergonomic}
     bool SegmentedCodeCache                       = true                                      {product} {ergonomic}
     bool UseCompressedClassPointers               = true                                 {lp64_product} {ergonomic}
     bool UseCompressedOops                        = true                                 {lp64_product} {ergonomic}
     bool UseG1GC                                  = true                                      {product} {ergonomic}
     bool UseLargePagesIndividualAllocation        = false                                  {pd product} {ergonomic}

Logging:
Log output configuration:
 #0: stdout all=warning uptime,level,tags
 #1: stderr all=off uptime,level,tags

Environment Variables:
PATH=C:\oraclexe\app\oracle\product\11.2.0\server\bin;C:\Program Files\Common Files\Oracle\Java\javapath;C:\Program Files (x86)\Common Files\Oracle\Java\javapath;C:\WINDOWS\system32;C:\WINDOWS;C:\WINDOWS\System32\Wbem;C:\WINDOWS\System32\WindowsPowerShell\v1.0\;C:\WINDOWS\System32\OpenSSH\;C:\HashiCorp\Vagrant\bin;C:\Program Files\nodejs\;C:\Program Files\Git\cmd;C:\Program Files\MySQL\MySQL Shell 8.0\bin\;C:\Users\Jhon Osorio\Downloads\jdk-14.0.2\bin;C:\Users\Jhon Osorio\AppData\Local\Microsoft\WindowsApps;;C:\Users\Jhon Osorio\AppData\Local\Programs\Microsoft VS Code\bin;C:\Users\Jhon Osorio\AppData\Roaming\npm;C:\Program Files\Multipass\bin
USERNAME=Jhon Osorio
OS=Windows_NT
PROCESSOR_IDENTIFIER=Intel64 Family 6 Model 78 Stepping 3, GenuineIntel
TMP=C:\Users\JHONOS~1\AppData\Local\Temp
TEMP=C:\Users\JHONOS~1\AppData\Local\Temp



---------------  S Y S T E M  ---------------

OS: Windows 10 , 64 bit Build 19041 (10.0.19041.1889)
OS uptime: 7 days 10:23 hours
Hyper-V role detected

CPU:total 4 (initial active 4) (2 cores per cpu, 2 threads per core) family 6 model 78 stepping 3 microcode 0xcc, cmov, cx8, fxsr, mmx, sse, sse2, sse3, ssse3, sse4.1, sse4.2, popcnt, avx, avx2, aes, clmul, erms, 3dnowpref, lzcnt, ht, tsc, tscinvbit, bmi1, bmi2, adx, fma

Memory: 4k page, system-wide physical 5964M (378M free)
TotalPageFile size 25932M (AvailPageFile size 16782M)
current process WorkingSet (physical memory assigned to process): 352M, peak: 352M
current process commit charge ("private bytes"): 454M, peak: 461M

vm_info: OpenJDK 64-Bit Server VM (11.0.16.1+9-LTS) for windows-amd64 JRE (11.0.16.1+9-LTS), built on Aug 12 2022 20:01:58 by "Administrator" with MS VC++ 15.9 (VS2017)

END.
